Command line:
   TB_SORTER_1_isim_beh.exe
     -simmode  gui
     -simrunnum  0
     -socket  55129

Tue Mar 17 20:51:09 2020


 Elaboration Time: 0.046875 sec

 Current Memory Usage: 5164.96 Meg

 Total Signals          : 48
 Total Nets             : 139
 Total Signal Drivers   : 27
 Total Blocks           : 5
 Total Primitive Blocks : 3
 Total Processes        : 12
 Total Traceable Variables  : 9
 Total Scalar Nets and Variables : 500

** Failure:End of simulation
User(VHDL) Code Called Simulation Stop
In process TB_SORTER_1.vhd:stim_proc 
 


** Failure:End of simulation
User(VHDL) Code Called Simulation Stop
In process TB_SORTER_1.vhd:stim_proc 
 


 Total Simulation Time: 0.0625 sec

 Current Memory Usage: 5007.67 Meg

Tue Mar 17 21:07:44 2020

