Command line:
   TB_ACCUM_UNIT_isim_beh.exe
     -simmode  gui
     -simrunnum  0
     -socket  54616

Mon Mar 30 22:35:36 2020


 Elaboration Time: 0.046875 sec

 Current Memory Usage: 5165.02 Meg

 Total Signals          : 24
 Total Nets             : 46
 Total Signal Drivers   : 10
 Total Blocks           : 7
 Total Primitive Blocks : 5
 Total Processes        : 5
 Total Traceable Variables  : 32
 Total Scalar Nets and Variables : 541

** Failure:End of simulation
User(VHDL) Code Called Simulation Stop
In process TB_ACCUM_UNIT.vhd:stim_proc 
 


 Total Simulation Time: 0.046875 sec

 Current Memory Usage: 4693.16 Meg

Mon Mar 30 23:15:24 2020

