Release 14.7 - xst P.20131013 (nt64)
Copyright (c) 1995-2013 Xilinx, Inc.  All rights reserved.
--> Parameter TMPDIR set to xst/projnav.tmp


Total REAL time to Xst completion: 0.00 secs
Total CPU time to Xst completion: 0.06 secs
 
--> Parameter xsthdpdir set to xst


Total REAL time to Xst completion: 0.00 secs
Total CPU time to Xst completion: 0.06 secs
 
--> Reading design: C_ROM_UNIT.prj

TABLE OF CONTENTS
  1) Synthesis Options Summary
  2) HDL Parsing
  3) HDL Elaboration
  4) HDL Synthesis
       4.1) HDL Synthesis Report
  5) Advanced HDL Synthesis
       5.1) Advanced HDL Synthesis Report
  6) Low Level Synthesis
  7) Partition Report
  8) Design Summary
       8.1) Primitive and Black Box Usage
       8.2) Device utilization summary
       8.3) Partition Resource Summary
       8.4) Timing Report
            8.4.1) Clock Information
            8.4.2) Asynchronous Control Signals Information
            8.4.3) Timing Summary
            8.4.4) Timing Details
            8.4.5) Cross Clock Domains Report


=========================================================================
*                      Synthesis Options Summary                        *
=========================================================================
---- Source Parameters
Input File Name                    : "C_ROM_UNIT.prj"
Ignore Synthesis Constraint File   : NO

---- Target Parameters
Output File Name                   : "C_ROM_UNIT"
Output Format                      : NGC
Target Device                      : xc7a100t-2-csg324

---- Source Options
Top Module Name                    : C_ROM_UNIT
Automatic FSM Extraction           : YES
FSM Encoding Algorithm             : Auto
Safe Implementation                : No
FSM Style                          : LUT
RAM Extraction                     : Yes
RAM Style                          : Auto
ROM Extraction                     : Yes
Shift Register Extraction          : YES
ROM Style                          : Auto
Resource Sharing                   : YES
Asynchronous To Synchronous        : NO
Shift Register Minimum Size        : 2
Use DSP Block                      : Auto
Automatic Register Balancing       : No

---- Target Options
LUT Combining                      : Auto
Reduce Control Sets                : Auto
Add IO Buffers                     : YES
Global Maximum Fanout              : 100000
Add Generic Clock Buffer(BUFG)     : 32
Register Duplication               : YES
Optimize Instantiated Primitives   : NO
Use Clock Enable                   : Auto
Use Synchronous Set                : Auto
Use Synchronous Reset              : Auto
Pack IO Registers into IOBs        : Auto
Equivalent register Removal        : YES

---- General Options
Optimization Goal                  : Speed
Optimization Effort                : 1
Power Reduction                    : NO
Keep Hierarchy                     : No
Netlist Hierarchy                  : As_Optimized
RTL Output                         : Yes
Global Optimization                : AllClockNets
Read Cores                         : YES
Write Timing Constraints           : NO
Cross Clock Analysis               : NO
Hierarchy Separator                : /
Bus Delimiter                      : <>
Case Specifier                     : Maintain
Slice Utilization Ratio            : 100
BRAM Utilization Ratio             : 100
DSP48 Utilization Ratio            : 100
Auto BRAM Packing                  : NO
Slice Utilization Ratio Delta      : 5

=========================================================================


=========================================================================
*                          HDL Parsing                                  *
=========================================================================
Parsing VHDL file "E:\Master Degree\PCSUPL\Stack\StackMP.vhd" into library work
Parsing package <StackMP>.
Parsing package body <StackMP>.
Parsing VHDL file "E:\Master Degree\PCSUPL\Stack\ROMC.vhd" into library work
Parsing entity <ROMC>.
Parsing architecture <Behavioral> of entity <romc>.
Parsing VHDL file "E:\Master Degree\PCSUPL\Stack\ROM.vhd" into library work
Parsing entity <ROM>.
Parsing architecture <Behavioral> of entity <rom>.
Parsing VHDL file "E:\Master Degree\PCSUPL\Stack\C_ROM_UNIT.vhd" into library work
Parsing entity <C_ROM_UNIT>.
Parsing architecture <Behavioral> of entity <c_rom_unit>.

=========================================================================
*                            HDL Elaboration                            *
=========================================================================

Elaborating entity <C_ROM_UNIT> (architecture <Behavioral>) from library <work>.

Elaborating entity <ROM> (architecture <Behavioral>) from library <work>.

Elaborating entity <ROMC> (architecture <Behavioral>) from library <work>.

=========================================================================
*                           HDL Synthesis                               *
=========================================================================

Synthesizing Unit <C_ROM_UNIT>.
    Related source file is "E:\Master Degree\PCSUPL\Stack\C_ROM_UNIT.vhd".
    Summary:
	no macro.
Unit <C_ROM_UNIT> synthesized.

Synthesizing Unit <ROM>.
    Related source file is "E:\Master Degree\PCSUPL\Stack\ROM.vhd".
    Found 12-bit register for signal <reg_out>.
    Found 32x12-bit Read Only RAM for signal <rom_data>
    Summary:
	inferred   1 RAM(s).
	inferred  12 D-type flip-flop(s).
Unit <ROM> synthesized.

Synthesizing Unit <ROMC>.
    Related source file is "E:\Master Degree\PCSUPL\Stack\ROMC.vhd".
    Found 1-bit register for signal <flock>.
    Found 5-bit register for signal <ic_w>.
    Found 5-bit register for signal <ic_r>.
    Found 12-bit register for signal <IR_OUT>.
    Found 5-bit adder for signal <ic_w[4]_GND_8_o_add_13_OUT> created at line 52.
    Summary:
	inferred   1 Adder/Subtractor(s).
	inferred  23 D-type flip-flop(s).
	inferred   1 Multiplexer(s).
Unit <ROMC> synthesized.

=========================================================================
HDL Synthesis Report

Macro Statistics
# RAMs                                                 : 1
 32x12-bit single-port Read Only RAM                   : 1
# Adders/Subtractors                                   : 1
 5-bit adder                                           : 1
# Registers                                            : 5
 1-bit register                                        : 1
 12-bit register                                       : 2
 5-bit register                                        : 2
# Multiplexers                                         : 1
 5-bit 2-to-1 multiplexer                              : 1

=========================================================================

=========================================================================
*                       Advanced HDL Synthesis                          *
=========================================================================


Synthesizing (advanced) Unit <ROM>.
INFO:Xst:3217 - HDL ADVISOR - Register <reg_out> currently described with an asynchronous reset, could be combined with distributed RAM <Mram_rom_data> for implementation on block RAM resources if you made this reset synchronous instead.
    -----------------------------------------------------------------------
    | ram_type           | Distributed                         |          |
    -----------------------------------------------------------------------
    | Port A                                                              |
    |     aspect ratio   | 32-word x 12-bit                    |          |
    |     weA            | connected to signal <GND>           | high     |
    |     addrA          | connected to signal <ADR>           |          |
    |     diA            | connected to signal <GND>           |          |
    |     doA            | connected to signal <rom_data>      |          |
    -----------------------------------------------------------------------
Unit <ROM> synthesized (advanced).

Synthesizing (advanced) Unit <ROMC>.
The following registers are absorbed into counter <ic_w>: 1 register on signal <ic_w>.
Unit <ROMC> synthesized (advanced).

=========================================================================
Advanced HDL Synthesis Report

Macro Statistics
# RAMs                                                 : 1
 32x12-bit single-port distributed Read Only RAM       : 1
# Counters                                             : 1
 5-bit up counter                                      : 1
# Registers                                            : 30
 Flip-Flops                                            : 30

=========================================================================

=========================================================================
*                         Low Level Synthesis                           *
=========================================================================
INFO:Xst:2261 - The FF/Latch <reg_out_5> in Unit <ROM> is equivalent to the following 2 FFs/Latches, which will be removed : <reg_out_6> <reg_out_7> 

Optimizing unit <C_ROM_UNIT> ...

Optimizing unit <ROM> ...

Optimizing unit <ROMC> ...
INFO:Xst:2261 - The FF/Latch <U_ROM_CTRL/IR_OUT_7> in Unit <C_ROM_UNIT> is equivalent to the following 2 FFs/Latches, which will be removed : <U_ROM_CTRL/IR_OUT_6> <U_ROM_CTRL/IR_OUT_5> 

Mapping all equations...
Building and optimizing final netlist ...
Found area constraint ratio of 100 (+ 5) on block C_ROM_UNIT, actual ratio is 0.

Final Macro Processing ...

=========================================================================
Final Register Report

Macro Statistics
# Registers                                            : 31
 Flip-Flops                                            : 31

=========================================================================

=========================================================================
*                           Partition Report                            *
=========================================================================

Partition Implementation Status
-------------------------------

  No Partitions were found in this design.

-------------------------------

=========================================================================
*                            Design Summary                             *
=========================================================================

Top Level Output File Name         : C_ROM_UNIT.ngc

Primitive and Black Box Usage:
------------------------------
# BELS                             : 21
#      INV                         : 1
#      LUT2                        : 2
#      LUT3                        : 1
#      LUT4                        : 1
#      LUT5                        : 12
#      LUT6                        : 4
# FlipFlops/Latches                : 31
#      FDC                         : 5
#      FDC_1                       : 1
#      FDCE                        : 15
#      FDE_1                       : 10
# Clock Buffers                    : 1
#      BUFGP                       : 1
# IO Buffers                       : 19
#      IBUF                        : 6
#      OBUF                        : 13

Device utilization summary:
---------------------------

Selected Device : 7a100tcsg324-2 


Slice Logic Utilization: 
 Number of Slice Registers:              31  out of  126800     0%  
 Number of Slice LUTs:                   21  out of  63400     0%  
    Number used as Logic:                21  out of  63400     0%  

Slice Logic Distribution: 
 Number of LUT Flip Flop pairs used:     35
   Number with an unused Flip Flop:       4  out of     35    11%  
   Number with an unused LUT:            14  out of     35    40%  
   Number of fully used LUT-FF pairs:    17  out of     35    48%  
   Number of unique control sets:         4

IO Utilization: 
 Number of IOs:                          20
 Number of bonded IOBs:                  20  out of    210     9%  

Specific Feature Utilization:
 Number of BUFG/BUFGCTRLs:                1  out of     32     3%  

---------------------------
Partition Resource Summary:
---------------------------

  No Partitions were found in this design.

---------------------------


=========================================================================
Timing Report

NOTE: THESE TIMING NUMBERS ARE ONLY A SYNTHESIS ESTIMATE.
      FOR ACCURATE TIMING INFORMATION PLEASE REFER TO THE TRACE REPORT
      GENERATED AFTER PLACE-and-ROUTE.

Clock Information:
------------------
-----------------------------------+------------------------+-------+
Clock Signal                       | Clock buffer(FF name)  | Load  |
-----------------------------------+------------------------+-------+
EN                                 | BUFGP                  | 31    |
-----------------------------------+------------------------+-------+

Asynchronous Control Signals Information:
----------------------------------------
No asynchronous control signals found in this design

Timing Summary:
---------------
Speed Grade: -2

   Minimum period: 3.315ns (Maximum Frequency: 301.686MHz)
   Minimum input arrival time before clock: 1.399ns
   Maximum output required time after clock: 0.753ns
   Maximum combinational path delay: No path found

Timing Details:
---------------
All values displayed in nanoseconds (ns)

=========================================================================
Timing constraint: Default period analysis for Clock 'EN'
  Clock period: 3.315ns (frequency: 301.686MHz)
  Total number of paths / destination ports: 124 / 36
-------------------------------------------------------------------------
Delay:               1.657ns (Levels of Logic = 2)
  Source:            U_ROM/reg_out_8 (FF)
  Destination:       U_ROM_CTRL/ic_w_4 (FF)
  Source Clock:      EN rising
  Destination Clock: EN falling

  Data Path: U_ROM/reg_out_8 to U_ROM_CTRL/ic_w_4
                                Gate     Net
    Cell:in->out      fanout   Delay   Delay  Logical Name (Net Name)
    ----------------------------------------  ------------
     FDCE:C->Q             2   0.398   0.654  U_ROM/reg_out_8 (U_ROM/reg_out_8)
     LUT6:I2->O            5   0.105   0.380  U_ROM_CTRL/should_jump1 (U_ROM_CTRL/should_jump)
     LUT6:I5->O            1   0.105   0.000  U_ROM_CTRL/Mcount_ic_w_xor<3>11 (U_ROM_CTRL/Mcount_ic_w3)
     FDCE:D                    0.015          U_ROM_CTRL/ic_w_3
    ----------------------------------------
    Total                      1.657ns (0.623ns logic, 1.034ns route)
                                       (37.6% logic, 62.4% route)

=========================================================================
Timing constraint: Default OFFSET IN BEFORE for Clock 'EN'
  Total number of paths / destination ports: 73 / 52
-------------------------------------------------------------------------
Offset:              1.399ns (Levels of Logic = 3)
  Source:            L (PAD)
  Destination:       U_ROM_CTRL/ic_w_4 (FF)
  Destination Clock: EN falling

  Data Path: L to U_ROM_CTRL/ic_w_4
                                Gate     Net
    Cell:in->out      fanout   Delay   Delay  Logical Name (Net Name)
    ----------------------------------------  ------------
     IBUF:I->O             1   0.001   0.793  L_IBUF (L_IBUF)
     LUT6:I0->O            5   0.105   0.380  U_ROM_CTRL/should_jump1 (U_ROM_CTRL/should_jump)
     LUT6:I5->O            1   0.105   0.000  U_ROM_CTRL/Mcount_ic_w_xor<3>11 (U_ROM_CTRL/Mcount_ic_w3)
     FDCE:D                    0.015          U_ROM_CTRL/ic_w_3
    ----------------------------------------
    Total                      1.399ns (0.226ns logic, 1.173ns route)
                                       (16.2% logic, 83.8% route)

=========================================================================
Timing constraint: Default OFFSET OUT AFTER for Clock 'EN'
  Total number of paths / destination ports: 13 / 13
-------------------------------------------------------------------------
Offset:              0.753ns (Levels of Logic = 1)
  Source:            U_ROM_CTRL/IR_OUT_7 (FF)
  Destination:       IR_OUT<7> (PAD)
  Source Clock:      EN falling

  Data Path: U_ROM_CTRL/IR_OUT_7 to IR_OUT<7>
                                Gate     Net
    Cell:in->out      fanout   Delay   Delay  Logical Name (Net Name)
    ----------------------------------------  ------------
     FDE_1:C->Q            3   0.402   0.351  U_ROM_CTRL/IR_OUT_7 (U_ROM_CTRL/IR_OUT_7)
     OBUF:I->O                 0.000          IR_OUT_7_OBUF (IR_OUT<7>)
    ----------------------------------------
    Total                      0.753ns (0.402ns logic, 0.351ns route)
                                       (53.4% logic, 46.6% route)

=========================================================================

Cross Clock Domains Report:
--------------------------

Clock to Setup on destination clock EN
---------------+---------+---------+---------+---------+
               | Src:Rise| Src:Fall| Src:Rise| Src:Fall|
Source Clock   |Dest:Rise|Dest:Rise|Dest:Fall|Dest:Fall|
---------------+---------+---------+---------+---------+
EN             |    1.348|    0.780|    1.696|         |
---------------+---------+---------+---------+---------+

=========================================================================


Total REAL time to Xst completion: 5.00 secs
Total CPU time to Xst completion: 5.54 secs
 
--> 

Total memory usage is 4699976 kilobytes

Number of errors   :    0 (   0 filtered)
Number of warnings :    0 (   0 filtered)
Number of infos    :    3 (   0 filtered)

