Command line:
   TB_FSM_Unit_isim_beh.exe
     -simmode  gui
     -simrunnum  0
     -socket  61343

Sun Mar 29 19:07:52 2020


 Elaboration Time: 0.0625 sec

 Current Memory Usage: 5165.06 Meg

 Total Signals          : 154
 Total Nets             : 2444
 Total Signal Drivers   : 76
 Total Blocks           : 20
 Total Primitive Blocks : 11
 Total Processes        : 74
 Total Traceable Variables  : 32
 Total Scalar Nets and Variables : 3285

** Failure:End of simulation
User(VHDL) Code Called Simulation Stop
In process TB_FSM_Unit.vhd:stim_proc 
 


** Failure:End of simulation
User(VHDL) Code Called Simulation Stop
In process TB_FSM_Unit.vhd:stim_proc 
 


** Failure:End of simulation
User(VHDL) Code Called Simulation Stop
In process TB_FSM_Unit.vhd:stim_proc 
 


 Total Simulation Time: 0.578125 sec

 Current Memory Usage: 4693.2 Meg

Sun Mar 29 20:23:29 2020

