Command line:
   TB_FSM_Unit_isim_beh.exe
     -simmode  gui
     -simrunnum  0
     -socket  61613

Wed Apr 01 22:47:59 2020


 Elaboration Time: 0.0625 sec

 Current Memory Usage: 5165.04 Meg

 Total Signals          : 167
 Total Nets             : 2510
 Total Signal Drivers   : 80
 Total Blocks           : 20
 Total Primitive Blocks : 12
 Total Processes        : 77
 Total Traceable Variables  : 35
 Total Scalar Nets and Variables : 3437

** Failure:End of simulation
User(VHDL) Code Called Simulation Stop
In process TB_FSM_Unit.vhd:stim_proc 
 


** Failure:End of simulation
User(VHDL) Code Called Simulation Stop
In process TB_FSM_Unit.vhd:stim_proc 
 


 Total Simulation Time: 0.421875 sec

 Current Memory Usage: 5007.76 Meg

Wed Apr 01 23:07:55 2020

