Release 14.7 - xst P.20131013 (nt64)
Copyright (c) 1995-2013 Xilinx, Inc.  All rights reserved.
--> Parameter TMPDIR set to xst/projnav.tmp


Total REAL time to Xst completion: 0.00 secs
Total CPU time to Xst completion: 0.06 secs
 
--> Parameter xsthdpdir set to xst


Total REAL time to Xst completion: 0.00 secs
Total CPU time to Xst completion: 0.07 secs
 
--> Reading design: OB_UNIT_X.prj

TABLE OF CONTENTS
  1) Synthesis Options Summary
  2) HDL Parsing
  3) HDL Elaboration
  4) HDL Synthesis
       4.1) HDL Synthesis Report
  5) Advanced HDL Synthesis
       5.1) Advanced HDL Synthesis Report
  6) Low Level Synthesis
  7) Partition Report
  8) Design Summary
       8.1) Primitive and Black Box Usage
       8.2) Device utilization summary
       8.3) Partition Resource Summary
       8.4) Timing Report
            8.4.1) Clock Information
            8.4.2) Asynchronous Control Signals Information
            8.4.3) Timing Summary
            8.4.4) Timing Details
            8.4.5) Cross Clock Domains Report


=========================================================================
*                      Synthesis Options Summary                        *
=========================================================================
---- Source Parameters
Input File Name                    : "OB_UNIT_X.prj"
Ignore Synthesis Constraint File   : NO

---- Target Parameters
Output File Name                   : "OB_UNIT_X"
Output Format                      : NGC
Target Device                      : xc7a100t-2-csg324

---- Source Options
Top Module Name                    : OB_UNIT_X
Automatic FSM Extraction           : YES
FSM Encoding Algorithm             : Auto
Safe Implementation                : No
FSM Style                          : LUT
RAM Extraction                     : Yes
RAM Style                          : Auto
ROM Extraction                     : Yes
Shift Register Extraction          : YES
ROM Style                          : Auto
Resource Sharing                   : YES
Asynchronous To Synchronous        : NO
Shift Register Minimum Size        : 2
Use DSP Block                      : Auto
Automatic Register Balancing       : No

---- Target Options
LUT Combining                      : Auto
Reduce Control Sets                : Auto
Add IO Buffers                     : YES
Global Maximum Fanout              : 100000
Add Generic Clock Buffer(BUFG)     : 32
Register Duplication               : YES
Optimize Instantiated Primitives   : NO
Use Clock Enable                   : Auto
Use Synchronous Set                : Auto
Use Synchronous Reset              : Auto
Pack IO Registers into IOBs        : Auto
Equivalent register Removal        : YES

---- General Options
Optimization Goal                  : Speed
Optimization Effort                : 1
Power Reduction                    : NO
Keep Hierarchy                     : No
Netlist Hierarchy                  : As_Optimized
RTL Output                         : Yes
Global Optimization                : AllClockNets
Read Cores                         : YES
Write Timing Constraints           : NO
Cross Clock Analysis               : NO
Hierarchy Separator                : /
Bus Delimiter                      : <>
Case Specifier                     : Maintain
Slice Utilization Ratio            : 100
BRAM Utilization Ratio             : 100
DSP48 Utilization Ratio            : 100
Auto BRAM Packing                  : NO
Slice Utilization Ratio Delta      : 5

=========================================================================


=========================================================================
*                          HDL Parsing                                  *
=========================================================================
Parsing VHDL file "E:\Master Degree\PCSUPL\GPR\GPRMP.vhd" into library work
Parsing package <GPRMP>.
Parsing package body <GPRMP>.
Parsing VHDL file "E:\Master Degree\PCSUPL\GPR\OB_UNIT.vhd" into library work
Parsing entity <OB_UNIT>.
Parsing architecture <Behavioral> of entity <ob_unit>.
Parsing VHDL file "E:\Master Degree\PCSUPL\GPR\OB_UNIT_X.vhd" into library work
Parsing entity <OB_UNIT_X>.
Parsing architecture <Structural> of entity <ob_unit_x>.

=========================================================================
*                            HDL Elaboration                            *
=========================================================================

Elaborating entity <OB_UNIT_X> (architecture <Structural>) from library <work>.

Elaborating entity <OB_UNIT> (architecture <Behavioral>) from library <work>.

=========================================================================
*                           HDL Synthesis                               *
=========================================================================

Synthesizing Unit <OB_UNIT_X>.
    Related source file is "E:\Master Degree\PCSUPL\GPR\OB_UNIT_X.vhd".
    Summary:
	no macro.
Unit <OB_UNIT_X> synthesized.

Synthesizing Unit <OB_UNIT>.
    Related source file is "E:\Master Degree\PCSUPL\GPR\OB_UNIT.vhd".
    Found 1-bit register for signal <L_FLAG>.
    Found 1-bit register for signal <E_FLAG>.
    Found 8-bit register for signal <reg_res>.
    Found 8-bit adder for signal <inc_res> created at line 101.
    Found 8-bit subtractor for signal <dec_res> created at line 44.
WARNING:Xst:737 - Found 1-bit latch for signal <e_res>. Latches may be generated from incomplete case or if statements. We do not recommend the use of latches in FPGA/CPLD designs, as they may lead to timing problems.
WARNING:Xst:737 - Found 1-bit latch for signal <l_res>. Latches may be generated from incomplete case or if statements. We do not recommend the use of latches in FPGA/CPLD designs, as they may lead to timing problems.
    Found 8-bit comparator greater for signal <op2[7]_op1[7]_LessThan_7_o> created at line 67
    Found 8-bit comparator equal for signal <op2[7]_op1[7]_equal_8_o> created at line 70
    Summary:
	inferred   1 Adder/Subtractor(s).
	inferred  10 D-type flip-flop(s).
	inferred   2 Latch(s).
	inferred   2 Comparator(s).
	inferred   5 Multiplexer(s).
Unit <OB_UNIT> synthesized.

=========================================================================
HDL Synthesis Report

Macro Statistics
# Adders/Subtractors                                   : 1
 8-bit addsub                                          : 1
# Registers                                            : 3
 1-bit register                                        : 2
 8-bit register                                        : 1
# Latches                                              : 2
 1-bit latch                                           : 2
# Comparators                                          : 2
 8-bit comparator equal                                : 1
 8-bit comparator greater                              : 1
# Multiplexers                                         : 5
 1-bit 2-to-1 multiplexer                              : 4
 8-bit 2-to-1 multiplexer                              : 1

=========================================================================

=========================================================================
*                       Advanced HDL Synthesis                          *
=========================================================================


=========================================================================
Advanced HDL Synthesis Report

Macro Statistics
# Adders/Subtractors                                   : 1
 8-bit addsub                                          : 1
# Registers                                            : 10
 Flip-Flops                                            : 10
# Comparators                                          : 2
 8-bit comparator equal                                : 1
 8-bit comparator greater                              : 1
# Multiplexers                                         : 5
 1-bit 2-to-1 multiplexer                              : 4
 8-bit 2-to-1 multiplexer                              : 1

=========================================================================

=========================================================================
*                         Low Level Synthesis                           *
=========================================================================

Optimizing unit <OB_UNIT_X> ...

Optimizing unit <OB_UNIT> ...

Mapping all equations...
Building and optimizing final netlist ...
Found area constraint ratio of 100 (+ 5) on block OB_UNIT_X, actual ratio is 0.

Final Macro Processing ...

=========================================================================
Final Register Report

Macro Statistics
# Registers                                            : 10
 Flip-Flops                                            : 10

=========================================================================

=========================================================================
*                           Partition Report                            *
=========================================================================

Partition Implementation Status
-------------------------------

  No Partitions were found in this design.

-------------------------------

=========================================================================
*                            Design Summary                             *
=========================================================================

Top Level Output File Name         : OB_UNIT_X.ngc

Primitive and Black Box Usage:
------------------------------
# BELS                             : 33
#      INV                         : 1
#      LUT3                        : 1
#      LUT4                        : 4
#      LUT5                        : 9
#      LUT6                        : 18
# FlipFlops/Latches                : 12
#      FDCE                        : 10
#      LD                          : 2
# Clock Buffers                    : 1
#      BUFGP                       : 1
# IO Buffers                       : 40
#      IBUF                        : 30
#      OBUF                        : 10

Device utilization summary:
---------------------------

Selected Device : 7a100tcsg324-2 


Slice Logic Utilization: 
 Number of Slice Registers:               2  out of  126800     0%  
 Number of Slice LUTs:                   33  out of  63400     0%  
    Number used as Logic:                33  out of  63400     0%  

Slice Logic Distribution: 
 Number of LUT Flip Flop pairs used:     33
   Number with an unused Flip Flop:      31  out of     33    93%  
   Number with an unused LUT:             0  out of     33     0%  
   Number of fully used LUT-FF pairs:     2  out of     33     6%  
   Number of unique control sets:         3

IO Utilization: 
 Number of IOs:                          41
 Number of bonded IOBs:                  41  out of    210    19%  
    IOB Flip Flops/Latches:              10

Specific Feature Utilization:
 Number of BUFG/BUFGCTRLs:                1  out of     32     3%  

---------------------------
Partition Resource Summary:
---------------------------

  No Partitions were found in this design.

---------------------------


=========================================================================
Timing Report

NOTE: THESE TIMING NUMBERS ARE ONLY A SYNTHESIS ESTIMATE.
      FOR ACCURATE TIMING INFORMATION PLEASE REFER TO THE TRACE REPORT
      GENERATED AFTER PLACE-and-ROUTE.

Clock Information:
------------------
-----------------------------------------------------------------------------------+---------------------------+-------+
Clock Signal                                                                       | Clock buffer(FF name)     | Load  |
-----------------------------------------------------------------------------------+---------------------------+-------+
OB_IN_CLK                                                                          | BUFGP                     | 10    |
U_OB_UNIT_X/OPCODE[3]_OPCODE[3]_OR_14_o(U_OB_UNIT_X/OPCODE[3]_OPCODE[3]_OR_14_o1:O)| NONE(*)(U_OB_UNIT_X/e_res)| 2     |
-----------------------------------------------------------------------------------+---------------------------+-------+
(*) This 1 clock signal(s) are generated by combinatorial logic,
and XST is not able to identify which are the primary clock signals.
Please use the CLOCK_SIGNAL constraint to specify the clock signal(s) generated by combinatorial logic.
INFO:Xst:2169 - HDL ADVISOR - Some clock signals were not automatically buffered by XST with BUFG/BUFR resources. Please use the buffer_type constraint in order to insert these buffers to the clock signals to help prevent skew problems.

Asynchronous Control Signals Information:
----------------------------------------
No asynchronous control signals found in this design

Timing Summary:
---------------
Speed Grade: -2

   Minimum period: No path found
   Minimum input arrival time before clock: 3.681ns
   Maximum output required time after clock: 0.737ns
   Maximum combinational path delay: No path found

Timing Details:
---------------
All values displayed in nanoseconds (ns)

=========================================================================
Timing constraint: Default OFFSET IN BEFORE for Clock 'OB_IN_CLK'
  Total number of paths / destination ports: 197 / 30
-------------------------------------------------------------------------
Offset:              2.967ns (Levels of Logic = 5)
  Source:            OB_IN_OPCODE<0> (PAD)
  Destination:       U_OB_UNIT_X/reg_res_7 (FF)
  Destination Clock: OB_IN_CLK rising

  Data Path: OB_IN_OPCODE<0> to U_OB_UNIT_X/reg_res_7
                                Gate     Net
    Cell:in->out      fanout   Delay   Delay  Logical Name (Net Name)
    ----------------------------------------  ------------
     IBUF:I->O            18   0.001   0.744  OB_IN_OPCODE_0_IBUF (OB_IN_OPCODE_0_IBUF)
     LUT4:I0->O            6   0.105   0.808  U_OB_UNIT_X/OPCODE[3]_PWR_7_o_equal_16_o<3>1 (U_OB_UNIT_X/OPCODE[3]_PWR_7_o_equal_16_o)
     LUT5:I0->O            4   0.105   0.616  U_OB_UNIT_X/Maddsub_reg_res[7]_inc_res[7]_mux_18_OUT_cy<2>12 (U_OB_UNIT_X/Maddsub_reg_res[7]_inc_res[7]_mux_18_OUT_cy<2>)
     LUT6:I3->O            2   0.105   0.362  U_OB_UNIT_X/Maddsub_reg_res[7]_inc_res[7]_mux_18_OUT_cy<5>12 (U_OB_UNIT_X/Maddsub_reg_res[7]_inc_res[7]_mux_18_OUT_cy<5>)
     LUT4:I3->O            1   0.105   0.000  U_OB_UNIT_X/Maddsub_reg_res[7]_inc_res[7]_mux_18_OUT_xor<7>11 (U_OB_UNIT_X/reg_res[7]_inc_res[7]_mux_18_OUT<7>)
     FDCE:D                    0.015          U_OB_UNIT_X/reg_res_7
    ----------------------------------------
    Total                      2.967ns (0.436ns logic, 2.531ns route)
                                       (14.7% logic, 85.3% route)

=========================================================================
Timing constraint: Default OFFSET IN BEFORE for Clock 'U_OB_UNIT_X/OPCODE[3]_OPCODE[3]_OR_14_o'
  Total number of paths / destination ports: 168 / 2
-------------------------------------------------------------------------
Offset:              3.681ns (Levels of Logic = 5)
  Source:            OB_IN_OPCODE<3> (PAD)
  Destination:       U_OB_UNIT_X/e_res (LATCH)
  Destination Clock: U_OB_UNIT_X/OPCODE[3]_OPCODE[3]_OR_14_o falling

  Data Path: OB_IN_OPCODE<3> to U_OB_UNIT_X/e_res
                                Gate     Net
    Cell:in->out      fanout   Delay   Delay  Logical Name (Net Name)
    ----------------------------------------  ------------
     IBUF:I->O            18   0.001   0.875  OB_IN_OPCODE_3_IBUF (OB_IN_OPCODE_3_IBUF)
     LUT6:I1->O            2   0.105   0.798  U_OB_UNIT_X/Mmux_op221 (U_OB_UNIT_X/op2<1>)
     LUT6:I0->O            1   0.105   0.793  U_OB_UNIT_X/Mmux_op2[7]_GND_7_o_MUX_17_o11 (U_OB_UNIT_X/Mmux_op2[7]_GND_7_o_MUX_17_o1)
     LUT6:I0->O            1   0.105   0.793  U_OB_UNIT_X/Mmux_op2[7]_GND_7_o_MUX_17_o13 (U_OB_UNIT_X/Mmux_op2[7]_GND_7_o_MUX_17_o12)
     LUT6:I0->O            1   0.105   0.000  U_OB_UNIT_X/Mmux_op2[7]_GND_7_o_MUX_17_o14 (U_OB_UNIT_X/op2[7]_GND_7_o_MUX_17_o)
     LD:D                     -0.015          U_OB_UNIT_X/e_res
    ----------------------------------------
    Total                      3.681ns (0.421ns logic, 3.260ns route)
                                       (11.4% logic, 88.6% route)

=========================================================================
Timing constraint: Default OFFSET OUT AFTER for Clock 'OB_IN_CLK'
  Total number of paths / destination ports: 10 / 10
-------------------------------------------------------------------------
Offset:              0.737ns (Levels of Logic = 1)
  Source:            U_OB_UNIT_X/reg_res_7 (FF)
  Destination:       OB_OUT_RESULT<7> (PAD)
  Source Clock:      OB_IN_CLK rising

  Data Path: U_OB_UNIT_X/reg_res_7 to OB_OUT_RESULT<7>
                                Gate     Net
    Cell:in->out      fanout   Delay   Delay  Logical Name (Net Name)
    ----------------------------------------  ------------
     FDCE:C->Q             1   0.398   0.339  U_OB_UNIT_X/reg_res_7 (U_OB_UNIT_X/reg_res_7)
     OBUF:I->O                 0.000          OB_OUT_RESULT_7_OBUF (OB_OUT_RESULT<7>)
    ----------------------------------------
    Total                      0.737ns (0.398ns logic, 0.339ns route)
                                       (54.0% logic, 46.0% route)

=========================================================================

Cross Clock Domains Report:
--------------------------

Clock to Setup on destination clock OB_IN_CLK
---------------------------------------+---------+---------+---------+---------+
                                       | Src:Rise| Src:Fall| Src:Rise| Src:Fall|
Source Clock                           |Dest:Rise|Dest:Rise|Dest:Fall|Dest:Fall|
---------------------------------------+---------+---------+---------+---------+
U_OB_UNIT_X/OPCODE[3]_OPCODE[3]_OR_14_o|         |    1.421|         |         |
---------------------------------------+---------+---------+---------+---------+

=========================================================================


Total REAL time to Xst completion: 6.00 secs
Total CPU time to Xst completion: 5.81 secs
 
--> 

Total memory usage is 4699632 kilobytes

Number of errors   :    0 (   0 filtered)
Number of warnings :    2 (   0 filtered)
Number of infos    :    1 (   0 filtered)

