Release 14.7 - xst P.20131013 (nt64)
Copyright (c) 1995-2013 Xilinx, Inc.  All rights reserved.
--> Parameter TMPDIR set to xst/projnav.tmp


Total REAL time to Xst completion: 0.00 secs
Total CPU time to Xst completion: 0.07 secs
 
--> Parameter xsthdpdir set to xst


Total REAL time to Xst completion: 0.00 secs
Total CPU time to Xst completion: 0.07 secs
 
--> Reading design: RAM.prj

TABLE OF CONTENTS
  1) Synthesis Options Summary
  2) HDL Parsing
  3) HDL Elaboration
  4) HDL Synthesis
       4.1) HDL Synthesis Report
  5) Advanced HDL Synthesis
       5.1) Advanced HDL Synthesis Report
  6) Low Level Synthesis
  7) Partition Report
  8) Design Summary
       8.1) Primitive and Black Box Usage
       8.2) Device utilization summary
       8.3) Partition Resource Summary
       8.4) Timing Report
            8.4.1) Clock Information
            8.4.2) Asynchronous Control Signals Information
            8.4.3) Timing Summary
            8.4.4) Timing Details
            8.4.5) Cross Clock Domains Report


=========================================================================
*                      Synthesis Options Summary                        *
=========================================================================
---- Source Parameters
Input File Name                    : "RAM.prj"
Ignore Synthesis Constraint File   : NO

---- Target Parameters
Output File Name                   : "RAM"
Output Format                      : NGC
Target Device                      : xc7a100t-2-csg324

---- Source Options
Top Module Name                    : RAM
Automatic FSM Extraction           : YES
FSM Encoding Algorithm             : Auto
Safe Implementation                : No
FSM Style                          : LUT
RAM Extraction                     : Yes
RAM Style                          : Auto
ROM Extraction                     : Yes
Shift Register Extraction          : YES
ROM Style                          : Auto
Resource Sharing                   : YES
Asynchronous To Synchronous        : NO
Shift Register Minimum Size        : 2
Use DSP Block                      : Auto
Automatic Register Balancing       : No

---- Target Options
LUT Combining                      : Auto
Reduce Control Sets                : Auto
Add IO Buffers                     : YES
Global Maximum Fanout              : 100000
Add Generic Clock Buffer(BUFG)     : 32
Register Duplication               : YES
Optimize Instantiated Primitives   : NO
Use Clock Enable                   : Auto
Use Synchronous Set                : Auto
Use Synchronous Reset              : Auto
Pack IO Registers into IOBs        : Auto
Equivalent register Removal        : YES

---- General Options
Optimization Goal                  : Speed
Optimization Effort                : 1
Power Reduction                    : NO
Keep Hierarchy                     : No
Netlist Hierarchy                  : As_Optimized
RTL Output                         : Yes
Global Optimization                : AllClockNets
Read Cores                         : YES
Write Timing Constraints           : NO
Cross Clock Analysis               : NO
Hierarchy Separator                : /
Bus Delimiter                      : <>
Case Specifier                     : Maintain
Slice Utilization Ratio            : 100
BRAM Utilization Ratio             : 100
DSP48 Utilization Ratio            : 100
Auto BRAM Packing                  : NO
Slice Utilization Ratio Delta      : 5

=========================================================================


=========================================================================
*                          HDL Parsing                                  *
=========================================================================
Parsing VHDL file "E:\Master Degree\PCSUPL\GPR\GPRMP.vhd" into library work
Parsing package <GPRMP>.
Parsing package body <GPRMP>.
Parsing VHDL file "E:\Master Degree\PCSUPL\GPR\RAM.vhd" into library work
Parsing entity <RAM>.
Parsing architecture <Behavioral> of entity <ram>.

=========================================================================
*                            HDL Elaboration                            *
=========================================================================

Elaborating entity <RAM> (architecture <Behavioral>) from library <work>.

=========================================================================
*                           HDL Synthesis                               *
=========================================================================

Synthesizing Unit <RAM>.
    Related source file is "E:\Master Degree\PCSUPL\GPR\RAM.vhd".
    Found 256x8-bit dual-port RAM <Mram_c_ram> for signal <c_ram>.
    Found 8-bit register for signal <DOUT1>.
    Found 8-bit register for signal <DOUT0>.
    Summary:
	inferred   1 RAM(s).
	inferred  16 D-type flip-flop(s).
Unit <RAM> synthesized.

=========================================================================
HDL Synthesis Report

Macro Statistics
# RAMs                                                 : 1
 256x8-bit dual-port RAM                               : 1
# Registers                                            : 2
 8-bit register                                        : 2

=========================================================================

=========================================================================
*                       Advanced HDL Synthesis                          *
=========================================================================


Synthesizing (advanced) Unit <RAM>.
INFO:Xst:3217 - HDL ADVISOR - Register <reg_out0> currently described with an asynchronous reset, could be combined with distributed RAM <Mram_c_ram> for implementation on block RAM resources if you made this reset synchronous instead.
    -----------------------------------------------------------------------
    | ram_type           | Distributed                         |          |
    -----------------------------------------------------------------------
    | Port A                                                              |
    |     aspect ratio   | 256-word x 8-bit                    |          |
    |     clkA           | connected to signal <CLK>           | rise     |
    |     weA            | connected to signal <W0_EN>         | high     |
    |     addrA          | connected to signal <ADR0>          |          |
    |     diA            | connected to signal <DIN0>          |          |
    |     doA            | connected to internal node          |          |
    -----------------------------------------------------------------------
    | Port B                                                              |
    |     aspect ratio   | 256-word x 8-bit                    |          |
    |     addrB          | connected to signal <ADR1>          |          |
    |     doB            | connected to internal node          |          |
    -----------------------------------------------------------------------
INFO:Xst:3218 - HDL ADVISOR - The RAM <Mram_c_ram> will be implemented on LUTs either because you have described an asynchronous read or because of currently unsupported block RAM features. If you have described an asynchronous read, making it synchronous would allow you to take advantage of available block RAM resources, for optimized device usage and improved timings. Please refer to your documentation for coding guidelines.
Unit <RAM> synthesized (advanced).

=========================================================================
Advanced HDL Synthesis Report

Macro Statistics
# RAMs                                                 : 1
 256x8-bit dual-port distributed RAM                   : 1
# Registers                                            : 16
 Flip-Flops                                            : 16

=========================================================================

=========================================================================
*                         Low Level Synthesis                           *
=========================================================================

Optimizing unit <RAM> ...

Mapping all equations...
Building and optimizing final netlist ...
Found area constraint ratio of 100 (+ 5) on block RAM, actual ratio is 0.

Final Macro Processing ...

=========================================================================
Final Register Report

Macro Statistics
# Registers                                            : 16
 Flip-Flops                                            : 16

=========================================================================

=========================================================================
*                           Partition Report                            *
=========================================================================

Partition Implementation Status
-------------------------------

  No Partitions were found in this design.

-------------------------------

=========================================================================
*                            Design Summary                             *
=========================================================================

Top Level Output File Name         : RAM.ngc

Primitive and Black Box Usage:
------------------------------
# BELS                             : 18
#      LUT2                        : 2
#      LUT3                        : 16
# FlipFlops/Latches                : 16
#      FDCE                        : 16
# RAMS                             : 16
#      RAM128X1D                   : 16
# Clock Buffers                    : 1
#      BUFGP                       : 1
# IO Buffers                       : 44
#      IBUF                        : 28
#      OBUF                        : 16

Device utilization summary:
---------------------------

Selected Device : 7a100tcsg324-2 


Slice Logic Utilization: 
 Number of Slice Registers:               8  out of  126800     0%  
 Number of Slice LUTs:                   82  out of  63400     0%  
    Number used as Logic:                18  out of  63400     0%  
    Number used as Memory:               64  out of  19000     0%  
       Number used as RAM:               64

Slice Logic Distribution: 
 Number of LUT Flip Flop pairs used:     82
   Number with an unused Flip Flop:      74  out of     82    90%  
   Number with an unused LUT:             0  out of     82     0%  
   Number of fully used LUT-FF pairs:     8  out of     82     9%  
   Number of unique control sets:         2

IO Utilization: 
 Number of IOs:                          45
 Number of bonded IOBs:                  45  out of    210    21%  
    IOB Flip Flops/Latches:               8

Specific Feature Utilization:
 Number of BUFG/BUFGCTRLs:                1  out of     32     3%  

---------------------------
Partition Resource Summary:
---------------------------

  No Partitions were found in this design.

---------------------------


=========================================================================
Timing Report

NOTE: THESE TIMING NUMBERS ARE ONLY A SYNTHESIS ESTIMATE.
      FOR ACCURATE TIMING INFORMATION PLEASE REFER TO THE TRACE REPORT
      GENERATED AFTER PLACE-and-ROUTE.

Clock Information:
------------------
-----------------------------------+------------------------+-------+
Clock Signal                       | Clock buffer(FF name)  | Load  |
-----------------------------------+------------------------+-------+
CLK                                | BUFGP                  | 32    |
-----------------------------------+------------------------+-------+

Asynchronous Control Signals Information:
----------------------------------------
No asynchronous control signals found in this design

Timing Summary:
---------------
Speed Grade: -2

   Minimum period: 2.075ns (Maximum Frequency: 481.893MHz)
   Minimum input arrival time before clock: 1.394ns
   Maximum output required time after clock: 0.737ns
   Maximum combinational path delay: No path found

Timing Details:
---------------
All values displayed in nanoseconds (ns)

=========================================================================
Timing constraint: Default period analysis for Clock 'CLK'
  Clock period: 2.075ns (frequency: 481.893MHz)
  Total number of paths / destination ports: 16 / 8
-------------------------------------------------------------------------
Delay:               2.075ns (Levels of Logic = 1)
  Source:            Mram_c_ram1 (RAM)
  Destination:       reg_out0_0 (FF)
  Source Clock:      CLK rising
  Destination Clock: CLK rising

  Data Path: Mram_c_ram1 to reg_out0_0
                                Gate     Net
    Cell:in->out      fanout   Delay   Delay  Logical Name (Net Name)
    ----------------------------------------  ------------
     RAM128X1D:WCLK->SPO    1   1.504   0.451  Mram_c_ram1 (N4)
     LUT3:I1->O            1   0.105   0.000  inst_LPM_MUX161 (_n0029<0>)
     FDCE:D                    0.015          reg_out0_0
    ----------------------------------------
    Total                      2.075ns (1.624ns logic, 0.451ns route)
                                       (78.3% logic, 21.7% route)

=========================================================================
Timing constraint: Default OFFSET IN BEFORE for Clock 'CLK'
  Total number of paths / destination ports: 208 / 192
-------------------------------------------------------------------------
Offset:              1.394ns (Levels of Logic = 2)
  Source:            ADR0<7> (PAD)
  Destination:       Mram_c_ram2 (RAM)
  Destination Clock: CLK rising

  Data Path: ADR0<7> to Mram_c_ram2
                                Gate     Net
    Cell:in->out      fanout   Delay   Delay  Logical Name (Net Name)
    ----------------------------------------  ------------
     IBUF:I->O            10   0.001   0.501  ADR0_7_IBUF (ADR0_7_IBUF)
     LUT2:I0->O            8   0.105   0.378  write_ctrl1 (write_ctrl1)
     RAM128X1D:WE              0.408          Mram_c_ram2
    ----------------------------------------
    Total                      1.394ns (0.514ns logic, 0.880ns route)
                                       (36.9% logic, 63.1% route)

=========================================================================
Timing constraint: Default OFFSET OUT AFTER for Clock 'CLK'
  Total number of paths / destination ports: 16 / 16
-------------------------------------------------------------------------
Offset:              0.737ns (Levels of Logic = 1)
  Source:            reg_out0_7 (FF)
  Destination:       DOUT0<7> (PAD)
  Source Clock:      CLK rising

  Data Path: reg_out0_7 to DOUT0<7>
                                Gate     Net
    Cell:in->out      fanout   Delay   Delay  Logical Name (Net Name)
    ----------------------------------------  ------------
     FDCE:C->Q             1   0.398   0.339  reg_out0_7 (reg_out0_7)
     OBUF:I->O                 0.000          DOUT0_7_OBUF (DOUT0<7>)
    ----------------------------------------
    Total                      0.737ns (0.398ns logic, 0.339ns route)
                                       (54.0% logic, 46.0% route)

=========================================================================

Cross Clock Domains Report:
--------------------------

Clock to Setup on destination clock CLK
---------------+---------+---------+---------+---------+
               | Src:Rise| Src:Fall| Src:Rise| Src:Fall|
Source Clock   |Dest:Rise|Dest:Rise|Dest:Fall|Dest:Fall|
---------------+---------+---------+---------+---------+
CLK            |    2.075|         |         |         |
---------------+---------+---------+---------+---------+

=========================================================================


Total REAL time to Xst completion: 5.00 secs
Total CPU time to Xst completion: 5.44 secs
 
--> 

Total memory usage is 4699976 kilobytes

Number of errors   :    0 (   0 filtered)
Number of warnings :    0 (   0 filtered)
Number of infos    :    2 (   0 filtered)

