Release 14.7 - xst P.20131013 (nt64)
Copyright (c) 1995-2013 Xilinx, Inc.  All rights reserved.
--> Parameter TMPDIR set to xst/projnav.tmp


Total REAL time to Xst completion: 0.00 secs
Total CPU time to Xst completion: 0.06 secs
 
--> Parameter xsthdpdir set to xst


Total REAL time to Xst completion: 0.00 secs
Total CPU time to Xst completion: 0.06 secs
 
--> Reading design: ROM_UNIT.prj

TABLE OF CONTENTS
  1) Synthesis Options Summary
  2) HDL Parsing
  3) HDL Elaboration
  4) HDL Synthesis
       4.1) HDL Synthesis Report
  5) Advanced HDL Synthesis
       5.1) Advanced HDL Synthesis Report
  6) Low Level Synthesis
  7) Partition Report
  8) Design Summary
       8.1) Primitive and Black Box Usage
       8.2) Device utilization summary
       8.3) Partition Resource Summary
       8.4) Timing Report
            8.4.1) Clock Information
            8.4.2) Asynchronous Control Signals Information
            8.4.3) Timing Summary
            8.4.4) Timing Details
            8.4.5) Cross Clock Domains Report


=========================================================================
*                      Synthesis Options Summary                        *
=========================================================================
---- Source Parameters
Input File Name                    : "ROM_UNIT.prj"
Ignore Synthesis Constraint File   : NO

---- Target Parameters
Output File Name                   : "ROM_UNIT"
Output Format                      : NGC
Target Device                      : xc7a100t-2-csg324

---- Source Options
Top Module Name                    : ROM_UNIT
Automatic FSM Extraction           : YES
FSM Encoding Algorithm             : Auto
Safe Implementation                : No
FSM Style                          : LUT
RAM Extraction                     : Yes
RAM Style                          : Auto
ROM Extraction                     : Yes
Shift Register Extraction          : YES
ROM Style                          : Auto
Resource Sharing                   : YES
Asynchronous To Synchronous        : NO
Shift Register Minimum Size        : 2
Use DSP Block                      : Auto
Automatic Register Balancing       : No

---- Target Options
LUT Combining                      : Auto
Reduce Control Sets                : Auto
Add IO Buffers                     : YES
Global Maximum Fanout              : 100000
Add Generic Clock Buffer(BUFG)     : 32
Register Duplication               : YES
Optimize Instantiated Primitives   : NO
Use Clock Enable                   : Auto
Use Synchronous Set                : Auto
Use Synchronous Reset              : Auto
Pack IO Registers into IOBs        : Auto
Equivalent register Removal        : YES

---- General Options
Optimization Goal                  : Speed
Optimization Effort                : 1
Power Reduction                    : NO
Keep Hierarchy                     : No
Netlist Hierarchy                  : As_Optimized
RTL Output                         : Yes
Global Optimization                : AllClockNets
Read Cores                         : YES
Write Timing Constraints           : NO
Cross Clock Analysis               : NO
Hierarchy Separator                : /
Bus Delimiter                      : <>
Case Specifier                     : Maintain
Slice Utilization Ratio            : 100
BRAM Utilization Ratio             : 100
DSP48 Utilization Ratio            : 100
Auto BRAM Packing                  : NO
Slice Utilization Ratio Delta      : 5

=========================================================================


=========================================================================
*                          HDL Parsing                                  *
=========================================================================
Parsing VHDL file "E:\Master Degree\PCSUPL\GPR\GPRMP.vhd" into library work
Parsing package <GPRMP>.
Parsing package body <GPRMP>.
Parsing VHDL file "E:\Master Degree\PCSUPL\GPR\ROM_IF.vhd" into library work
Parsing entity <ROM_IF>.
Parsing architecture <Behavioral> of entity <rom_if>.
Parsing VHDL file "E:\Master Degree\PCSUPL\GPR\ROM.vhd" into library work
Parsing entity <ROM>.
Parsing architecture <Behavioral> of entity <rom>.
Parsing VHDL file "E:\Master Degree\PCSUPL\GPR\ROM_UNIT.vhd" into library work
Parsing entity <ROM_UNIT>.
Parsing architecture <Structural> of entity <rom_unit>.

=========================================================================
*                            HDL Elaboration                            *
=========================================================================

Elaborating entity <ROM_UNIT> (architecture <Structural>) from library <work>.

Elaborating entity <ROM> (architecture <Behavioral>) from library <work>.

Elaborating entity <ROM_IF> (architecture <Behavioral>) from library <work>.

=========================================================================
*                           HDL Synthesis                               *
=========================================================================

Synthesizing Unit <ROM_UNIT>.
    Related source file is "E:\Master Degree\PCSUPL\GPR\ROM_UNIT.vhd".
    Summary:
	no macro.
Unit <ROM_UNIT> synthesized.

Synthesizing Unit <ROM>.
    Related source file is "E:\Master Degree\PCSUPL\GPR\ROM.vhd".
    Found 20-bit register for signal <reg_out>.
    Found 32x20-bit Read Only RAM for signal <rom_data>
    Summary:
	inferred   1 RAM(s).
	inferred  20 D-type flip-flop(s).
Unit <ROM> synthesized.

Synthesizing Unit <ROM_IF>.
    Related source file is "E:\Master Degree\PCSUPL\GPR\ROM_IF.vhd".
    Found 20-bit register for signal <ir>.
    Found 5-bit register for signal <pc_current>.
    Found 5-bit adder for signal <pc_current[4]_GND_8_o_add_9_OUT> created at line 83.
    Summary:
	inferred   1 Adder/Subtractor(s).
	inferred  25 D-type flip-flop(s).
	inferred   1 Multiplexer(s).
Unit <ROM_IF> synthesized.

=========================================================================
HDL Synthesis Report

Macro Statistics
# RAMs                                                 : 1
 32x20-bit single-port Read Only RAM                   : 1
# Adders/Subtractors                                   : 1
 5-bit adder                                           : 1
# Registers                                            : 3
 20-bit register                                       : 2
 5-bit register                                        : 1
# Multiplexers                                         : 1
 5-bit 2-to-1 multiplexer                              : 1

=========================================================================

=========================================================================
*                       Advanced HDL Synthesis                          *
=========================================================================


Synthesizing (advanced) Unit <ROM>.
INFO:Xst:3217 - HDL ADVISOR - Register <ir> currently described with an asynchronous reset, could be combined with distributed RAM <Mram_rom_data> for implementation on block RAM resources if you made this reset synchronous instead.
    -----------------------------------------------------------------------
    | ram_type           | Distributed                         |          |
    -----------------------------------------------------------------------
    | Port A                                                              |
    |     aspect ratio   | 32-word x 20-bit                    |          |
    |     weA            | connected to signal <GND>           | high     |
    |     addrA          | connected to signal <ADR>           |          |
    |     diA            | connected to signal <GND>           |          |
    |     doA            | connected to signal <rom_data>      |          |
    -----------------------------------------------------------------------
Unit <ROM> synthesized (advanced).

Synthesizing (advanced) Unit <ROM_IF>.
The following registers are absorbed into counter <pc_current>: 1 register on signal <pc_current>.
Unit <ROM_IF> synthesized (advanced).

=========================================================================
Advanced HDL Synthesis Report

Macro Statistics
# RAMs                                                 : 1
 32x20-bit single-port distributed Read Only RAM       : 1
# Counters                                             : 1
 5-bit up counter                                      : 1
# Registers                                            : 40
 Flip-Flops                                            : 40

=========================================================================

=========================================================================
*                         Low Level Synthesis                           *
=========================================================================
INFO:Xst:2261 - The FF/Latch <reg_out_12> in Unit <ROM> is equivalent to the following 3 FFs/Latches, which will be removed : <reg_out_13> <reg_out_14> <reg_out_15> 
INFO:Xst:2261 - The FF/Latch <reg_out_3> in Unit <ROM> is equivalent to the following 4 FFs/Latches, which will be removed : <reg_out_4> <reg_out_5> <reg_out_6> <reg_out_7> 

Optimizing unit <ROM_UNIT> ...

Optimizing unit <ROM> ...

Optimizing unit <ROM_IF> ...
INFO:Xst:2261 - The FF/Latch <U_ROM_IF/ir_12> in Unit <ROM_UNIT> is equivalent to the following 3 FFs/Latches, which will be removed : <U_ROM_IF/ir_15> <U_ROM_IF/ir_14> <U_ROM_IF/ir_13> 
INFO:Xst:2261 - The FF/Latch <U_ROM_IF/ir_7> in Unit <ROM_UNIT> is equivalent to the following FF/Latch, which will be removed : <U_ROM_IF/ir_3> 
INFO:Xst:2261 - The FF/Latch <U_ROM_IF/ir_7> in Unit <ROM_UNIT> is equivalent to the following 3 FFs/Latches, which will be removed : <U_ROM_IF/ir_6> <U_ROM_IF/ir_5> <U_ROM_IF/ir_4> 

Mapping all equations...
Building and optimizing final netlist ...
Found area constraint ratio of 100 (+ 5) on block ROM_UNIT, actual ratio is 0.

Final Macro Processing ...

=========================================================================
Final Register Report

Macro Statistics
# Registers                                            : 31
 Flip-Flops                                            : 31

=========================================================================

=========================================================================
*                           Partition Report                            *
=========================================================================

Partition Implementation Status
-------------------------------

  No Partitions were found in this design.

-------------------------------

=========================================================================
*                            Design Summary                             *
=========================================================================

Top Level Output File Name         : ROM_UNIT.ngc

Primitive and Black Box Usage:
------------------------------
# BELS                             : 21
#      LUT3                        : 1
#      LUT4                        : 1
#      LUT5                        : 15
#      LUT6                        : 4
# FlipFlops/Latches                : 31
#      FDCE                        : 18
#      FDPE                        : 13
# Clock Buffers                    : 1
#      BUFGP                       : 1
# IO Buffers                       : 26
#      IBUF                        : 6
#      OBUF                        : 20

Device utilization summary:
---------------------------

Selected Device : 7a100tcsg324-2 


Slice Logic Utilization: 
 Number of Slice Registers:              31  out of  126800     0%  
 Number of Slice LUTs:                   21  out of  63400     0%  
    Number used as Logic:                21  out of  63400     0%  

Slice Logic Distribution: 
 Number of LUT Flip Flop pairs used:     34
   Number with an unused Flip Flop:       3  out of     34     8%  
   Number with an unused LUT:            13  out of     34    38%  
   Number of fully used LUT-FF pairs:    18  out of     34    52%  
   Number of unique control sets:         3

IO Utilization: 
 Number of IOs:                          27
 Number of bonded IOBs:                  27  out of    210    12%  

Specific Feature Utilization:
 Number of BUFG/BUFGCTRLs:                1  out of     32     3%  

---------------------------
Partition Resource Summary:
---------------------------

  No Partitions were found in this design.

---------------------------


=========================================================================
Timing Report

NOTE: THESE TIMING NUMBERS ARE ONLY A SYNTHESIS ESTIMATE.
      FOR ACCURATE TIMING INFORMATION PLEASE REFER TO THE TRACE REPORT
      GENERATED AFTER PLACE-and-ROUTE.

Clock Information:
------------------
-----------------------------------+------------------------+-------+
Clock Signal                       | Clock buffer(FF name)  | Load  |
-----------------------------------+------------------------+-------+
CLK                                | BUFGP                  | 31    |
-----------------------------------+------------------------+-------+

Asynchronous Control Signals Information:
----------------------------------------
No asynchronous control signals found in this design

Timing Summary:
---------------
Speed Grade: -2

   Minimum period: 1.905ns (Maximum Frequency: 525.045MHz)
   Minimum input arrival time before clock: 1.498ns
   Maximum output required time after clock: 0.760ns
   Maximum combinational path delay: No path found

Timing Details:
---------------
All values displayed in nanoseconds (ns)

=========================================================================
Timing constraint: Default period analysis for Clock 'CLK'
  Clock period: 1.905ns (frequency: 525.045MHz)
  Total number of paths / destination ports: 138 / 31
-------------------------------------------------------------------------
Delay:               1.905ns (Levels of Logic = 2)
  Source:            U_ROM_IF/pc_current_2 (FF)
  Destination:       U_ROM_IF/pc_current_4 (FF)
  Source Clock:      CLK rising
  Destination Clock: CLK rising

  Data Path: U_ROM_IF/pc_current_2 to U_ROM_IF/pc_current_4
                                Gate     Net
    Cell:in->out      fanout   Delay   Delay  Logical Name (Net Name)
    ----------------------------------------  ------------
     FDCE:C->Q            15   0.398   0.677  U_ROM_IF/pc_current_2 (U_ROM_IF/pc_current_2)
     LUT3:I0->O            2   0.105   0.604  U_ROM_IF/Mcount_pc_current_xor<3>131 (U_ROM_IF/Mcount_pc_current_xor<3>13)
     LUT6:I3->O            1   0.105   0.000  U_ROM_IF/Mcount_pc_current_xor<4>11 (U_ROM_IF/Mcount_pc_current4)
     FDCE:D                    0.015          U_ROM_IF/pc_current_4
    ----------------------------------------
    Total                      1.905ns (0.623ns logic, 1.282ns route)
                                       (32.7% logic, 67.3% route)

=========================================================================
Timing constraint: Default OFFSET IN BEFORE for Clock 'CLK'
  Total number of paths / destination ports: 82 / 67
-------------------------------------------------------------------------
Offset:              1.498ns (Levels of Logic = 3)
  Source:            L (PAD)
  Destination:       U_ROM_IF/pc_current_4 (FF)
  Destination Clock: CLK rising

  Data Path: L to U_ROM_IF/pc_current_4
                                Gate     Net
    Cell:in->out      fanout   Delay   Delay  Logical Name (Net Name)
    ----------------------------------------  ------------
     IBUF:I->O             2   0.001   0.798  L_IBUF (L_IBUF)
     LUT6:I0->O            5   0.105   0.474  U_ROM_IF/Mcount_pc_current_xor<3>121 (U_ROM_IF/Mcount_pc_current_xor<3>12)
     LUT6:I4->O            1   0.105   0.000  U_ROM_IF/Mcount_pc_current_xor<2>11 (U_ROM_IF/Mcount_pc_current2)
     FDCE:D                    0.015          U_ROM_IF/pc_current_2
    ----------------------------------------
    Total                      1.498ns (0.226ns logic, 1.272ns route)
                                       (15.1% logic, 84.9% route)

=========================================================================
Timing constraint: Default OFFSET OUT AFTER for Clock 'CLK'
  Total number of paths / destination ports: 20 / 20
-------------------------------------------------------------------------
Offset:              0.760ns (Levels of Logic = 1)
  Source:            U_ROM_IF/ir_12 (FF)
  Destination:       IR_OUT<15> (PAD)
  Source Clock:      CLK rising

  Data Path: U_ROM_IF/ir_12 to IR_OUT<15>
                                Gate     Net
    Cell:in->out      fanout   Delay   Delay  Logical Name (Net Name)
    ----------------------------------------  ------------
     FDPE:C->Q             5   0.398   0.362  U_ROM_IF/ir_12 (U_ROM_IF/ir_12)
     OBUF:I->O                 0.000          IR_OUT_15_OBUF (IR_OUT<15>)
    ----------------------------------------
    Total                      0.760ns (0.398ns logic, 0.362ns route)
                                       (52.4% logic, 47.6% route)

=========================================================================

Cross Clock Domains Report:
--------------------------

Clock to Setup on destination clock CLK
---------------+---------+---------+---------+---------+
               | Src:Rise| Src:Fall| Src:Rise| Src:Fall|
Source Clock   |Dest:Rise|Dest:Rise|Dest:Fall|Dest:Fall|
---------------+---------+---------+---------+---------+
CLK            |    1.905|         |         |         |
---------------+---------+---------+---------+---------+

=========================================================================


Total REAL time to Xst completion: 6.00 secs
Total CPU time to Xst completion: 5.56 secs
 
--> 

Total memory usage is 4698928 kilobytes

Number of errors   :    0 (   0 filtered)
Number of warnings :    0 (   0 filtered)
Number of infos    :    6 (   0 filtered)

