Command line:
   TB_ROM_UNIT_isim_beh.exe
     -simmode  gui
     -simrunnum  0
     -socket  61788

Sun Mar 29 14:33:15 2020


 Elaboration Time: 0.03125 sec

 Current Memory Usage: 5165.02 Meg

 Total Signals          : 42
 Total Nets             : 97
 Total Signal Drivers   : 20
 Total Blocks           : 8
 Total Primitive Blocks : 6
 Total Processes        : 15
 Total Traceable Variables  : 30
 Total Scalar Nets and Variables : 936

** Failure:End of simulation
User(VHDL) Code Called Simulation Stop
In process TB_ROM_UNIT.vhd:stim_proc 
 


 Total Simulation Time: 0.109375 sec

 Current Memory Usage: 5007.73 Meg

Sun Mar 29 14:41:16 2020

