Command line:
   TB_REGA_UNIT_isim_beh.exe
     -simmode  gui
     -simrunnum  0
     -socket  61344

Wed Apr 01 21:50:03 2020


 Elaboration Time: 0.046875 sec

 Current Memory Usage: 5164.89 Meg

 Total Signals          : 14
 Total Nets             : 35
 Total Signal Drivers   : 4
 Total Blocks           : 6
 Total Primitive Blocks : 4
 Total Processes        : 4
 Total Traceable Variables  : 32
 Total Scalar Nets and Variables : 524

** Failure:End of simulation
User(VHDL) Code Called Simulation Stop
In process TB_REGA_UNIT.vhd:stim_proc 
 


 Total Simulation Time: 0.0625 sec

 Current Memory Usage: 5007.61 Meg

Wed Apr 01 21:57:08 2020

