Command line:
   TB_RAM_UNIT_isim_beh.exe
     -simmode  gui
     -simrunnum  0
     -socket  62016

Sun Mar 29 16:08:30 2020


 Elaboration Time: 0.046875 sec

 Current Memory Usage: 5165.06 Meg

 Total Signals          : 49
 Total Nets             : 2152
 Total Signal Drivers   : 21
 Total Blocks           : 8
 Total Primitive Blocks : 6
 Total Processes        : 13
 Total Traceable Variables  : 29
 Total Scalar Nets and Variables : 2619

** Failure:End of simulation
User(VHDL) Code Called Simulation Stop
In process TB_RAM_UNIT.vhd:stim_proc 
 


 Total Simulation Time: 0.078125 sec

 Current Memory Usage: 5007.78 Meg

Sun Mar 29 16:21:46 2020

