Command line:
   TB_FSM_Unit_isim_beh.exe
     -simmode  gui
     -simrunnum  0
     -socket  55428

Tue Mar 31 20:06:09 2020


 Elaboration Time: 0.0625 sec

 Current Memory Usage: 5165.02 Meg

 Total Signals          : 141
 Total Nets             : 2335
 Total Signal Drivers   : 64
 Total Blocks           : 20
 Total Primitive Blocks : 11
 Total Processes        : 61
 Total Traceable Variables  : 33
 Total Scalar Nets and Variables : 3238

** Failure:End of simulation
User(VHDL) Code Called Simulation Stop
In process TB_FSM_Unit.vhd:stim_proc 
 


 Total Simulation Time: 0.390625 sec

 Current Memory Usage: 4693.16 Meg

Tue Mar 31 23:32:20 2020

