Release 14.7 - xst P.20131013 (nt64)
Copyright (c) 1995-2013 Xilinx, Inc.  All rights reserved.
--> Parameter TMPDIR set to xst/projnav.tmp


Total REAL time to Xst completion: 0.00 secs
Total CPU time to Xst completion: 0.06 secs
 
--> Parameter xsthdpdir set to xst


Total REAL time to Xst completion: 0.00 secs
Total CPU time to Xst completion: 0.06 secs
 
--> Reading design: ACCUM_UNIT.prj

TABLE OF CONTENTS
  1) Synthesis Options Summary
  2) HDL Parsing
  3) HDL Elaboration
  4) HDL Synthesis
       4.1) HDL Synthesis Report
  5) Advanced HDL Synthesis
       5.1) Advanced HDL Synthesis Report
  6) Low Level Synthesis
  7) Partition Report
  8) Design Summary
       8.1) Primitive and Black Box Usage
       8.2) Device utilization summary
       8.3) Partition Resource Summary
       8.4) Timing Report
            8.4.1) Clock Information
            8.4.2) Asynchronous Control Signals Information
            8.4.3) Timing Summary
            8.4.4) Timing Details
            8.4.5) Cross Clock Domains Report


=========================================================================
*                      Synthesis Options Summary                        *
=========================================================================
---- Source Parameters
Input File Name                    : "ACCUM_UNIT.prj"
Ignore Synthesis Constraint File   : NO

---- Target Parameters
Output File Name                   : "ACCUM_UNIT"
Output Format                      : NGC
Target Device                      : xc7a100t-2-csg324

---- Source Options
Top Module Name                    : ACCUM_UNIT
Automatic FSM Extraction           : YES
FSM Encoding Algorithm             : Auto
Safe Implementation                : No
FSM Style                          : LUT
RAM Extraction                     : Yes
RAM Style                          : Auto
ROM Extraction                     : Yes
Shift Register Extraction          : YES
ROM Style                          : Auto
Resource Sharing                   : YES
Asynchronous To Synchronous        : NO
Shift Register Minimum Size        : 2
Use DSP Block                      : Auto
Automatic Register Balancing       : No

---- Target Options
LUT Combining                      : Auto
Reduce Control Sets                : Auto
Add IO Buffers                     : YES
Global Maximum Fanout              : 100000
Add Generic Clock Buffer(BUFG)     : 32
Register Duplication               : YES
Optimize Instantiated Primitives   : NO
Use Clock Enable                   : Auto
Use Synchronous Set                : Auto
Use Synchronous Reset              : Auto
Pack IO Registers into IOBs        : Auto
Equivalent register Removal        : YES

---- General Options
Optimization Goal                  : Speed
Optimization Effort                : 1
Power Reduction                    : NO
Keep Hierarchy                     : No
Netlist Hierarchy                  : As_Optimized
RTL Output                         : Yes
Global Optimization                : AllClockNets
Read Cores                         : YES
Write Timing Constraints           : NO
Cross Clock Analysis               : NO
Hierarchy Separator                : /
Bus Delimiter                      : <>
Case Specifier                     : Maintain
Slice Utilization Ratio            : 100
BRAM Utilization Ratio             : 100
DSP48 Utilization Ratio            : 100
Auto BRAM Packing                  : NO
Slice Utilization Ratio Delta      : 5

=========================================================================


=========================================================================
*                          HDL Parsing                                  *
=========================================================================
Parsing VHDL file "E:\Master Degree\PCSUPL\Accum\AccumMP.vhd" into library work
Parsing package <AccumMP>.
Parsing package body <AccumMP>.
Parsing VHDL file "E:\Master Degree\PCSUPL\Accum\ACCUM.vhd" into library work
Parsing entity <ACCUM>.
Parsing architecture <Behavioral> of entity <accum>.
Parsing VHDL file "E:\Master Degree\PCSUPL\Accum\ACCUM_UNIT.vhd" into library work
Parsing entity <ACCUM_UNIT>.
Parsing architecture <Behavioral> of entity <accum_unit>.

=========================================================================
*                            HDL Elaboration                            *
=========================================================================

Elaborating entity <ACCUM_UNIT> (architecture <Behavioral>) from library <work>.

Elaborating entity <ACCUM> (architecture <Behavioral>) from library <work>.
INFO:HDLCompiler:679 - "E:\Master Degree\PCSUPL\Accum\ACCUM_UNIT.vhd" Line 59. Case statement is complete. others clause is never selected

=========================================================================
*                           HDL Synthesis                               *
=========================================================================

Synthesizing Unit <ACCUM_UNIT>.
    Related source file is "E:\Master Degree\PCSUPL\Accum\ACCUM_UNIT.vhd".
    Summary:
	inferred   1 Multiplexer(s).
Unit <ACCUM_UNIT> synthesized.

Synthesizing Unit <ACCUM>.
    Related source file is "E:\Master Degree\PCSUPL\Accum\ACCUM.vhd".
    Found 8-bit register for signal <acc_reg>.
    Found 8-bit adder for signal <acc_reg[7]_GND_7_o_add_2_OUT> created at line 54.
    Found 8-bit subtractor for signal <GND_7_o_GND_7_o_sub_5_OUT<7:0>> created at line 56.
    Summary:
	inferred   1 Adder/Subtractor(s).
	inferred   8 D-type flip-flop(s).
	inferred   1 Multiplexer(s).
Unit <ACCUM> synthesized.

=========================================================================
HDL Synthesis Report

Macro Statistics
# Adders/Subtractors                                   : 1
 8-bit addsub                                          : 1
# Registers                                            : 1
 8-bit register                                        : 1
# Multiplexers                                         : 2
 8-bit 2-to-1 multiplexer                              : 2

=========================================================================

=========================================================================
*                       Advanced HDL Synthesis                          *
=========================================================================


Synthesizing (advanced) Unit <ACCUM>.
The following registers are absorbed into counter <acc_reg>: 1 register on signal <acc_reg>.
Unit <ACCUM> synthesized (advanced).

=========================================================================
Advanced HDL Synthesis Report

Macro Statistics
# Counters                                             : 1
 8-bit updown counter                                  : 1
# Multiplexers                                         : 1
 8-bit 2-to-1 multiplexer                              : 1

=========================================================================

=========================================================================
*                         Low Level Synthesis                           *
=========================================================================

Optimizing unit <ACCUM_UNIT> ...

Mapping all equations...
Building and optimizing final netlist ...
Found area constraint ratio of 100 (+ 5) on block ACCUM_UNIT, actual ratio is 0.

Final Macro Processing ...

=========================================================================
Final Register Report

Macro Statistics
# Registers                                            : 8
 Flip-Flops                                            : 8

=========================================================================

=========================================================================
*                           Partition Report                            *
=========================================================================

Partition Implementation Status
-------------------------------

  No Partitions were found in this design.

-------------------------------

=========================================================================
*                            Design Summary                             *
=========================================================================

Top Level Output File Name         : ACCUM_UNIT.ngc

Primitive and Black Box Usage:
------------------------------
# BELS                             : 39
#      LUT2                        : 1
#      LUT3                        : 8
#      LUT4                        : 7
#      LUT6                        : 1
#      MULT_AND                    : 7
#      MUXCY                       : 7
#      XORCY                       : 8
# FlipFlops/Latches                : 8
#      FDCE                        : 8
# Clock Buffers                    : 1
#      BUFGP                       : 1
# IO Buffers                       : 29
#      IBUF                        : 21
#      OBUF                        : 8

Device utilization summary:
---------------------------

Selected Device : 7a100tcsg324-2 


Slice Logic Utilization: 
 Number of Slice Registers:               8  out of  126800     0%  
 Number of Slice LUTs:                   17  out of  63400     0%  
    Number used as Logic:                17  out of  63400     0%  

Slice Logic Distribution: 
 Number of LUT Flip Flop pairs used:     17
   Number with an unused Flip Flop:       9  out of     17    52%  
   Number with an unused LUT:             0  out of     17     0%  
   Number of fully used LUT-FF pairs:     8  out of     17    47%  
   Number of unique control sets:         1

IO Utilization: 
 Number of IOs:                          30
 Number of bonded IOBs:                  30  out of    210    14%  

Specific Feature Utilization:
 Number of BUFG/BUFGCTRLs:                1  out of     32     3%  

---------------------------
Partition Resource Summary:
---------------------------

  No Partitions were found in this design.

---------------------------


=========================================================================
Timing Report

NOTE: THESE TIMING NUMBERS ARE ONLY A SYNTHESIS ESTIMATE.
      FOR ACCURATE TIMING INFORMATION PLEASE REFER TO THE TRACE REPORT
      GENERATED AFTER PLACE-and-ROUTE.

Clock Information:
------------------
-----------------------------------+------------------------+-------+
Clock Signal                       | Clock buffer(FF name)  | Load  |
-----------------------------------+------------------------+-------+
CLK                                | BUFGP                  | 8     |
-----------------------------------+------------------------+-------+

Asynchronous Control Signals Information:
----------------------------------------
No asynchronous control signals found in this design

Timing Summary:
---------------
Speed Grade: -2

   Minimum period: 1.839ns (Maximum Frequency: 543.700MHz)
   Minimum input arrival time before clock: 2.472ns
   Maximum output required time after clock: 0.742ns
   Maximum combinational path delay: No path found

Timing Details:
---------------
All values displayed in nanoseconds (ns)

=========================================================================
Timing constraint: Default period analysis for Clock 'CLK'
  Clock period: 1.839ns (frequency: 543.700MHz)
  Total number of paths / destination ports: 64 / 8
-------------------------------------------------------------------------
Delay:               1.839ns (Levels of Logic = 9)
  Source:            U_ACCUM/acc_reg_0 (FF)
  Destination:       U_ACCUM/acc_reg_7 (FF)
  Source Clock:      CLK rising
  Destination Clock: CLK rising

  Data Path: U_ACCUM/acc_reg_0 to U_ACCUM/acc_reg_7
                                Gate     Net
    Cell:in->out      fanout   Delay   Delay  Logical Name (Net Name)
    ----------------------------------------  ------------
     FDCE:C->Q             2   0.398   0.362  U_ACCUM/acc_reg_0 (U_ACCUM/acc_reg_0)
     LUT4:I3->O            1   0.105   0.000  U_ACCUM/Mcount_acc_reg_lut<0> (U_ACCUM/Mcount_acc_reg_lut<0>)
     MUXCY:S->O            1   0.392   0.000  U_ACCUM/Mcount_acc_reg_cy<0> (U_ACCUM/Mcount_acc_reg_cy<0>)
     MUXCY:CI->O           1   0.025   0.000  U_ACCUM/Mcount_acc_reg_cy<1> (U_ACCUM/Mcount_acc_reg_cy<1>)
     MUXCY:CI->O           1   0.025   0.000  U_ACCUM/Mcount_acc_reg_cy<2> (U_ACCUM/Mcount_acc_reg_cy<2>)
     MUXCY:CI->O           1   0.025   0.000  U_ACCUM/Mcount_acc_reg_cy<3> (U_ACCUM/Mcount_acc_reg_cy<3>)
     MUXCY:CI->O           1   0.025   0.000  U_ACCUM/Mcount_acc_reg_cy<4> (U_ACCUM/Mcount_acc_reg_cy<4>)
     MUXCY:CI->O           1   0.025   0.000  U_ACCUM/Mcount_acc_reg_cy<5> (U_ACCUM/Mcount_acc_reg_cy<5>)
     MUXCY:CI->O           0   0.025   0.000  U_ACCUM/Mcount_acc_reg_cy<6> (U_ACCUM/Mcount_acc_reg_cy<6>)
     XORCY:CI->O           1   0.417   0.000  U_ACCUM/Mcount_acc_reg_xor<7> (U_ACCUM/Mcount_acc_reg8)
     FDCE:D                    0.015          U_ACCUM/acc_reg_7
    ----------------------------------------
    Total                      1.839ns (1.477ns logic, 0.362ns route)
                                       (80.3% logic, 19.7% route)

=========================================================================
Timing constraint: Default OFFSET IN BEFORE for Clock 'CLK'
  Total number of paths / destination ports: 256 / 24
-------------------------------------------------------------------------
Offset:              2.472ns (Levels of Logic = 11)
  Source:            DATA_SEL (PAD)
  Destination:       U_ACCUM/acc_reg_7 (FF)
  Destination Clock: CLK rising

  Data Path: DATA_SEL to U_ACCUM/acc_reg_7
                                Gate     Net
    Cell:in->out      fanout   Delay   Delay  Logical Name (Net Name)
    ----------------------------------------  ------------
     IBUF:I->O             8   0.001   0.638  DATA_SEL_IBUF (DATA_SEL_IBUF)
     LUT3:I0->O            1   0.105   0.649  Mmux_data_in11 (data_in<0>)
     LUT4:I0->O            1   0.105   0.000  U_ACCUM/Mcount_acc_reg_lut<0> (U_ACCUM/Mcount_acc_reg_lut<0>)
     MUXCY:S->O            1   0.392   0.000  U_ACCUM/Mcount_acc_reg_cy<0> (U_ACCUM/Mcount_acc_reg_cy<0>)
     MUXCY:CI->O           1   0.025   0.000  U_ACCUM/Mcount_acc_reg_cy<1> (U_ACCUM/Mcount_acc_reg_cy<1>)
     MUXCY:CI->O           1   0.025   0.000  U_ACCUM/Mcount_acc_reg_cy<2> (U_ACCUM/Mcount_acc_reg_cy<2>)
     MUXCY:CI->O           1   0.025   0.000  U_ACCUM/Mcount_acc_reg_cy<3> (U_ACCUM/Mcount_acc_reg_cy<3>)
     MUXCY:CI->O           1   0.025   0.000  U_ACCUM/Mcount_acc_reg_cy<4> (U_ACCUM/Mcount_acc_reg_cy<4>)
     MUXCY:CI->O           1   0.025   0.000  U_ACCUM/Mcount_acc_reg_cy<5> (U_ACCUM/Mcount_acc_reg_cy<5>)
     MUXCY:CI->O           0   0.025   0.000  U_ACCUM/Mcount_acc_reg_cy<6> (U_ACCUM/Mcount_acc_reg_cy<6>)
     XORCY:CI->O           1   0.417   0.000  U_ACCUM/Mcount_acc_reg_xor<7> (U_ACCUM/Mcount_acc_reg8)
     FDCE:D                    0.015          U_ACCUM/acc_reg_7
    ----------------------------------------
    Total                      2.472ns (1.185ns logic, 1.287ns route)
                                       (47.9% logic, 52.1% route)

=========================================================================
Timing constraint: Default OFFSET OUT AFTER for Clock 'CLK'
  Total number of paths / destination ports: 8 / 8
-------------------------------------------------------------------------
Offset:              0.742ns (Levels of Logic = 1)
  Source:            U_ACCUM/acc_reg_7 (FF)
  Destination:       DOUT<7> (PAD)
  Source Clock:      CLK rising

  Data Path: U_ACCUM/acc_reg_7 to DOUT<7>
                                Gate     Net
    Cell:in->out      fanout   Delay   Delay  Logical Name (Net Name)
    ----------------------------------------  ------------
     FDCE:C->Q             2   0.398   0.344  U_ACCUM/acc_reg_7 (U_ACCUM/acc_reg_7)
     OBUF:I->O                 0.000          DOUT_7_OBUF (DOUT<7>)
    ----------------------------------------
    Total                      0.742ns (0.398ns logic, 0.344ns route)
                                       (53.6% logic, 46.4% route)

=========================================================================

Cross Clock Domains Report:
--------------------------

Clock to Setup on destination clock CLK
---------------+---------+---------+---------+---------+
               | Src:Rise| Src:Fall| Src:Rise| Src:Fall|
Source Clock   |Dest:Rise|Dest:Rise|Dest:Fall|Dest:Fall|
---------------+---------+---------+---------+---------+
CLK            |    1.839|         |         |         |
---------------+---------+---------+---------+---------+

=========================================================================


Total REAL time to Xst completion: 5.00 secs
Total CPU time to Xst completion: 5.52 secs
 
--> 

Total memory usage is 4699976 kilobytes

Number of errors   :    0 (   0 filtered)
Number of warnings :    0 (   0 filtered)
Number of infos    :    0 (   0 filtered)

