    ____  ____
   /   /\/   /
  /___/  \  /    VENDOR      : Xilinx Inc.
  \   \   \/     VERSION     : 14.7 (P.20131013)
   \   \         APPLICATION : C:\Xilinx\14.7\ISE_DS\ISE\bin\nt64\unwrapped\compxlib.exe
   /   /         CONTENTS    : Compilation Log
  /___/   /\     FILENAME    : compxlib.log
  \   \  /  \    
   \___\/\___\

Release 14.7 - C:\Xilinx\14.7\ISE_DS\ISE\bin\nt64\unwrapped\compxlib.exe 14.7 (nt64)
Copyright (c) 1995-2013 Xilinx, Inc.  All rights reserved.

Processing command line ...
Reading the compxlib configuration file - 'compxlib.cfg' ...
Library Source Paths => 'C:/Xilinx/14.7/ISE_DS/ISE'
Current Working Directory => 'E:\Master Degree\PCSUPL\Accum'
Compilation Mode = FAST
Execute Mode = ON
Scheduling library installation & compilation for architectures: artix7

Scheduling library installation & compilation for libraries: simprim unisim xilinxcorelib edk

Signature:-
------------------------------------------------------------------------------
C:\Xilinx\14.7\ISE_DS\ISE\bin\nt64\unwrapped\compxlib.exe -s mti_se -l vhdl -arch artix7 -lib unisim -lib simprim -lib xilinxcorelib -lib edk -exclude_superseded -intstyle ise 
------------------------------------------------------------------------------
ERROR:Compxlib - COMPXLIB[sim]: Unable to automatically find executables for simulator 'mti_se' from the following paths:
    C:\Xilinx\14.7\ISE_DS\ISE\\lib\nt64
   C:\Xilinx\14.7\ISE_DS\ISE\\bin\nt64
   C:\Xilinx\14.7\ISE_DS\ISE\bin\nt64
   C:\Xilinx\14.7\ISE_DS\ISE\lib\nt64
   C:\Xilinx\14.7\ISE_DS\ISE\..\..\..\DocNav
   C:\Xilinx\14.7\ISE_DS\PlanAhead\bin
   C:\Xilinx\14.7\ISE_DS\EDK\bin\nt64
   C:\Xilinx\14.7\ISE_DS\EDK\lib\nt64
   C:\Xilinx\14.7\ISE_DS\EDK\gnu\microblaze\nt\bin
   C:\Xilinx\14.7\ISE_DS\EDK\gnu\powerpc-eabi\nt\bin
   C:\Xilinx\14.7\ISE_DS\EDK\gnuwin\bin
   C:\Xilinx\14.7\ISE_DS\EDK\gnu\arm\nt\bin
   C:\Xilinx\14.7\ISE_DS\EDK\gnu\microblaze\linux_toolchain\nt64_be\bin
   C:\Xilinx\14.7\ISE_DS\EDK\gnu\microblaze\linux_toolchain\nt64_le\bin
   C:\Xilinx\14.7\ISE_DS\common\bin\nt64
   C:\Xilinx\14.7\ISE_DS\common\lib\nt64
   C:\Program Files (x86)\Intel\iCLS Client\
   C:\Program Files\Microsoft MPI\Bin\
   C:\Program Files\Intel\iCLS Client\
   C:\Windows\system32
   C:\Windows
   C:\Windows\System32\Wbem
   C:\Windows\System32\WindowsPowerShell\v1.0\
   C:\Program Files (x86)\NVIDIA Corporation\PhysX\Common
   C:\Program Files\Microsoft SQL Server\130\Tools\Binn\
   C:\Program Files\dotnet\
   C:\Program Files (x86)\GtkSharp\2.12\bin
   C:\Program Files (x86)\Microsoft SQL Server\140\DTS\Binn\
   C:\Program Files\Microsoft SQL Server\140\DTS\Binn\
   C:\Program Files\Microsoft SQL Server\Client SDK\ODBC\130\Tools\Binn\
   C:\Program Files (x86)\Microsoft SQL Server\140\Tools\Binn\
   C:\Program Files\Microsoft SQL Server\140\Tools\Binn\
   C:\Program Files (x86)\Microsoft SQL Server\Client SDK\ODBC\130\Tools\Binn\
   C:\Program Files (x86)\Microsoft SQL Server\140\Tools\Binn\ManagementStudio\
   C:\WINDOWS\System32\OpenSSH\
   C:\Program Files\NVIDIA Corporation\NVIDIA NGX
   C:\Program Files (x86)\Intel\Intel(R) Management Engine Components\DAL
   C:\Program Files\Intel\Intel(R) Management Engine Components\DAL
   C:\Program Files\Microsoft SQL Server\Client SDK\ODBC\170\Tools\Binn\
   C:\Program Files\nodejs\
   C:\Program Files (x86)\IncrediBuild
   C:\Program Files\NVIDIA Corporation\NVIDIA NvDLISR
   C:\Program Files\Git\cmd
   C:\Aldec\Active-HDL-Student-Edition\bin
   C:\Program Files\Docker\Docker\resources\bin
   C:\ProgramData\DockerDesktop\version-bin
   C:\Users\Sviat\AppData\Local\Microsoft\WindowsApps
   C:\Users\Sviat\.dotnet\tools
   C:\Users\Sviat\AppData\Roaming\npm
   C:\Users\Sviat\AppData\Local\Programs\Fiddler.
Simulator 'mti_se' is ignored.
