Release 14.7 - xst P.20131013 (nt64)
Copyright (c) 1995-2013 Xilinx, Inc.  All rights reserved.
--> Parameter TMPDIR set to xst/projnav.tmp


Total REAL time to Xst completion: 0.00 secs
Total CPU time to Xst completion: 0.07 secs
 
--> Parameter xsthdpdir set to xst


Total REAL time to Xst completion: 0.00 secs
Total CPU time to Xst completion: 0.07 secs
 
--> Reading design: RAM_IF.prj

TABLE OF CONTENTS
  1) Synthesis Options Summary
  2) HDL Parsing
  3) HDL Elaboration
  4) HDL Synthesis
       4.1) HDL Synthesis Report
  5) Advanced HDL Synthesis
       5.1) Advanced HDL Synthesis Report
  6) Low Level Synthesis
  7) Partition Report
  8) Design Summary
       8.1) Primitive and Black Box Usage
       8.2) Device utilization summary
       8.3) Partition Resource Summary
       8.4) Timing Report
            8.4.1) Clock Information
            8.4.2) Asynchronous Control Signals Information
            8.4.3) Timing Summary
            8.4.4) Timing Details
            8.4.5) Cross Clock Domains Report


=========================================================================
*                      Synthesis Options Summary                        *
=========================================================================
---- Source Parameters
Input File Name                    : "RAM_IF.prj"
Ignore Synthesis Constraint File   : NO

---- Target Parameters
Output File Name                   : "RAM_IF"
Output Format                      : NGC
Target Device                      : xc7a100t-2-csg324

---- Source Options
Top Module Name                    : RAM_IF
Automatic FSM Extraction           : YES
FSM Encoding Algorithm             : Auto
Safe Implementation                : No
FSM Style                          : LUT
RAM Extraction                     : Yes
RAM Style                          : Auto
ROM Extraction                     : Yes
Shift Register Extraction          : YES
ROM Style                          : Auto
Resource Sharing                   : YES
Asynchronous To Synchronous        : NO
Shift Register Minimum Size        : 2
Use DSP Block                      : Auto
Automatic Register Balancing       : No

---- Target Options
LUT Combining                      : Auto
Reduce Control Sets                : Auto
Add IO Buffers                     : YES
Global Maximum Fanout              : 100000
Add Generic Clock Buffer(BUFG)     : 32
Register Duplication               : YES
Optimize Instantiated Primitives   : NO
Use Clock Enable                   : Auto
Use Synchronous Set                : Auto
Use Synchronous Reset              : Auto
Pack IO Registers into IOBs        : Auto
Equivalent register Removal        : YES

---- General Options
Optimization Goal                  : Speed
Optimization Effort                : 1
Power Reduction                    : NO
Keep Hierarchy                     : No
Netlist Hierarchy                  : As_Optimized
RTL Output                         : Yes
Global Optimization                : AllClockNets
Read Cores                         : YES
Write Timing Constraints           : NO
Cross Clock Analysis               : NO
Hierarchy Separator                : /
Bus Delimiter                      : <>
Case Specifier                     : Maintain
Slice Utilization Ratio            : 100
BRAM Utilization Ratio             : 100
DSP48 Utilization Ratio            : 100
Auto BRAM Packing                  : NO
Slice Utilization Ratio Delta      : 5

=========================================================================


=========================================================================
*                          HDL Parsing                                  *
=========================================================================
Parsing VHDL file "E:\Master Degree\PCSUPL\Accum\AccumMP.vhd" into library work
Parsing package <AccumMP>.
Parsing package body <AccumMP>.
Parsing VHDL file "E:\Master Degree\PCSUPL\Accum\RAM_IF.vhd" into library work
Parsing entity <RAM_IF>.
Parsing architecture <Behavioral> of entity <ram_if>.

=========================================================================
*                            HDL Elaboration                            *
=========================================================================

Elaborating entity <RAM_IF> (architecture <Behavioral>) from library <work>.

=========================================================================
*                           HDL Synthesis                               *
=========================================================================

Synthesizing Unit <RAM_IF>.
    Related source file is "E:\Master Degree\PCSUPL\Accum\RAM_IF.vhd".
    Found 8-bit register for signal <RAM_ADR>.
    Found 8-bit register for signal <RAM_DATA>.
    Summary:
	inferred  16 D-type flip-flop(s).
	inferred   2 Multiplexer(s).
Unit <RAM_IF> synthesized.

=========================================================================
HDL Synthesis Report

Macro Statistics
# Registers                                            : 2
 8-bit register                                        : 2
# Multiplexers                                         : 2
 8-bit 2-to-1 multiplexer                              : 2

=========================================================================

=========================================================================
*                       Advanced HDL Synthesis                          *
=========================================================================


=========================================================================
Advanced HDL Synthesis Report

Macro Statistics
# Registers                                            : 16
 Flip-Flops                                            : 16
# Multiplexers                                         : 2
 8-bit 2-to-1 multiplexer                              : 2

=========================================================================

=========================================================================
*                         Low Level Synthesis                           *
=========================================================================

Optimizing unit <RAM_IF> ...

Mapping all equations...
Building and optimizing final netlist ...
Found area constraint ratio of 100 (+ 5) on block RAM_IF, actual ratio is 0.

Final Macro Processing ...

=========================================================================
Final Register Report

Macro Statistics
# Registers                                            : 16
 Flip-Flops                                            : 16

=========================================================================

=========================================================================
*                           Partition Report                            *
=========================================================================

Partition Implementation Status
-------------------------------

  No Partitions were found in this design.

-------------------------------

=========================================================================
*                            Design Summary                             *
=========================================================================

Top Level Output File Name         : RAM_IF.ngc

Primitive and Black Box Usage:
------------------------------
# BELS                             : 16
#      LUT3                        : 16
# FlipFlops/Latches                : 16
#      FDCE                        : 16
# Clock Buffers                    : 1
#      BUFGP                       : 1
# IO Buffers                       : 45
#      IBUF                        : 29
#      OBUF                        : 16

Device utilization summary:
---------------------------

Selected Device : 7a100tcsg324-2 


Slice Logic Utilization: 
 Number of Slice LUTs:                   16  out of  63400     0%  
    Number used as Logic:                16  out of  63400     0%  

Slice Logic Distribution: 
 Number of LUT Flip Flop pairs used:     16
   Number with an unused Flip Flop:      16  out of     16   100%  
   Number with an unused LUT:             0  out of     16     0%  
   Number of fully used LUT-FF pairs:     0  out of     16     0%  
   Number of unique control sets:         2

IO Utilization: 
 Number of IOs:                          46
 Number of bonded IOBs:                  46  out of    210    21%  
    IOB Flip Flops/Latches:              16

Specific Feature Utilization:
 Number of BUFG/BUFGCTRLs:                1  out of     32     3%  

---------------------------
Partition Resource Summary:
---------------------------

  No Partitions were found in this design.

---------------------------


=========================================================================
Timing Report

NOTE: THESE TIMING NUMBERS ARE ONLY A SYNTHESIS ESTIMATE.
      FOR ACCURATE TIMING INFORMATION PLEASE REFER TO THE TRACE REPORT
      GENERATED AFTER PLACE-and-ROUTE.

Clock Information:
------------------
-----------------------------------+------------------------+-------+
Clock Signal                       | Clock buffer(FF name)  | Load  |
-----------------------------------+------------------------+-------+
CLK                                | BUFGP                  | 16    |
-----------------------------------+------------------------+-------+

Asynchronous Control Signals Information:
----------------------------------------
No asynchronous control signals found in this design

Timing Summary:
---------------
Speed Grade: -2

   Minimum period: No path found
   Minimum input arrival time before clock: 0.820ns
   Maximum output required time after clock: 0.737ns
   Maximum combinational path delay: No path found

Timing Details:
---------------
All values displayed in nanoseconds (ns)

=========================================================================
Timing constraint: Default OFFSET IN BEFORE for Clock 'CLK'
  Total number of paths / destination ports: 80 / 48
-------------------------------------------------------------------------
Offset:              0.820ns (Levels of Logic = 1)
  Source:            RST (PAD)
  Destination:       adr_reg_0 (FF)
  Destination Clock: CLK rising

  Data Path: RST to adr_reg_0
                                Gate     Net
    Cell:in->out      fanout   Delay   Delay  Logical Name (Net Name)
    ----------------------------------------  ------------
     IBUF:I->O            16   0.001   0.422  RST_IBUF (RST_IBUF)
     FDCE:CLR                  0.397          adr_reg_0
    ----------------------------------------
    Total                      0.820ns (0.398ns logic, 0.422ns route)
                                       (48.5% logic, 51.5% route)

=========================================================================
Timing constraint: Default OFFSET OUT AFTER for Clock 'CLK'
  Total number of paths / destination ports: 16 / 16
-------------------------------------------------------------------------
Offset:              0.737ns (Levels of Logic = 1)
  Source:            din_reg_7 (FF)
  Destination:       RAM_DATA<7> (PAD)
  Source Clock:      CLK rising

  Data Path: din_reg_7 to RAM_DATA<7>
                                Gate     Net
    Cell:in->out      fanout   Delay   Delay  Logical Name (Net Name)
    ----------------------------------------  ------------
     FDCE:C->Q             1   0.398   0.339  din_reg_7 (din_reg_7)
     OBUF:I->O                 0.000          RAM_DATA_7_OBUF (RAM_DATA<7>)
    ----------------------------------------
    Total                      0.737ns (0.398ns logic, 0.339ns route)
                                       (54.0% logic, 46.0% route)

=========================================================================

Cross Clock Domains Report:
--------------------------

=========================================================================


Total REAL time to Xst completion: 6.00 secs
Total CPU time to Xst completion: 5.53 secs
 
--> 

Total memory usage is 4698952 kilobytes

Number of errors   :    0 (   0 filtered)
Number of warnings :    0 (   0 filtered)
Number of infos    :    0 (   0 filtered)

