Release 14.7 - xst P.20131013 (nt64)
Copyright (c) 1995-2013 Xilinx, Inc.  All rights reserved.
--> Parameter TMPDIR set to xst/projnav.tmp


Total REAL time to Xst completion: 0.00 secs
Total CPU time to Xst completion: 0.06 secs
 
--> Parameter xsthdpdir set to xst


Total REAL time to Xst completion: 0.00 secs
Total CPU time to Xst completion: 0.07 secs
 
--> Reading design: ROM_IF.prj

TABLE OF CONTENTS
  1) Synthesis Options Summary
  2) HDL Parsing
  3) HDL Elaboration
  4) HDL Synthesis
       4.1) HDL Synthesis Report
  5) Advanced HDL Synthesis
       5.1) Advanced HDL Synthesis Report
  6) Low Level Synthesis
  7) Partition Report
  8) Design Summary
       8.1) Primitive and Black Box Usage
       8.2) Device utilization summary
       8.3) Partition Resource Summary
       8.4) Timing Report
            8.4.1) Clock Information
            8.4.2) Asynchronous Control Signals Information
            8.4.3) Timing Summary
            8.4.4) Timing Details
            8.4.5) Cross Clock Domains Report


=========================================================================
*                      Synthesis Options Summary                        *
=========================================================================
---- Source Parameters
Input File Name                    : "ROM_IF.prj"
Ignore Synthesis Constraint File   : NO

---- Target Parameters
Output File Name                   : "ROM_IF"
Output Format                      : NGC
Target Device                      : xc7a100t-2-csg324

---- Source Options
Top Module Name                    : ROM_IF
Automatic FSM Extraction           : YES
FSM Encoding Algorithm             : Auto
Safe Implementation                : No
FSM Style                          : LUT
RAM Extraction                     : Yes
RAM Style                          : Auto
ROM Extraction                     : Yes
Shift Register Extraction          : YES
ROM Style                          : Auto
Resource Sharing                   : YES
Asynchronous To Synchronous        : NO
Shift Register Minimum Size        : 2
Use DSP Block                      : Auto
Automatic Register Balancing       : No

---- Target Options
LUT Combining                      : Auto
Reduce Control Sets                : Auto
Add IO Buffers                     : YES
Global Maximum Fanout              : 100000
Add Generic Clock Buffer(BUFG)     : 32
Register Duplication               : YES
Optimize Instantiated Primitives   : NO
Use Clock Enable                   : Auto
Use Synchronous Set                : Auto
Use Synchronous Reset              : Auto
Pack IO Registers into IOBs        : Auto
Equivalent register Removal        : YES

---- General Options
Optimization Goal                  : Speed
Optimization Effort                : 1
Power Reduction                    : NO
Keep Hierarchy                     : No
Netlist Hierarchy                  : As_Optimized
RTL Output                         : Yes
Global Optimization                : AllClockNets
Read Cores                         : YES
Write Timing Constraints           : NO
Cross Clock Analysis               : NO
Hierarchy Separator                : /
Bus Delimiter                      : <>
Case Specifier                     : Maintain
Slice Utilization Ratio            : 100
BRAM Utilization Ratio             : 100
DSP48 Utilization Ratio            : 100
Auto BRAM Packing                  : NO
Slice Utilization Ratio Delta      : 5

=========================================================================


=========================================================================
*                          HDL Parsing                                  *
=========================================================================
Parsing VHDL file "E:\Master Degree\PCSUPL\Accum\AccumMP.vhd" into library work
Parsing package <AccumMP>.
Parsing package body <AccumMP>.
Parsing VHDL file "E:\Master Degree\PCSUPL\Accum\ROM_IF.vhd" into library work
Parsing entity <ROM_IF>.
Parsing architecture <Behavioral> of entity <rom_if>.

=========================================================================
*                            HDL Elaboration                            *
=========================================================================

Elaborating entity <ROM_IF> (architecture <Behavioral>) from library <work>.

=========================================================================
*                           HDL Synthesis                               *
=========================================================================

Synthesizing Unit <ROM_IF>.
    Related source file is "E:\Master Degree\PCSUPL\Accum\ROM_IF.vhd".
    Found 12-bit register for signal <IR_OUT>.
    Found 6-bit register for signal <ROM_ADR>.
    Found 6-bit adder for signal <pc_current[5]_GND_6_o_add_9_OUT> created at line 82.
    Summary:
	inferred   1 Adder/Subtractor(s).
	inferred  18 D-type flip-flop(s).
	inferred   1 Multiplexer(s).
Unit <ROM_IF> synthesized.

=========================================================================
HDL Synthesis Report

Macro Statistics
# Adders/Subtractors                                   : 1
 6-bit adder                                           : 1
# Registers                                            : 2
 12-bit register                                       : 1
 6-bit register                                        : 1
# Multiplexers                                         : 1
 6-bit 2-to-1 multiplexer                              : 1

=========================================================================

=========================================================================
*                       Advanced HDL Synthesis                          *
=========================================================================


Synthesizing (advanced) Unit <ROM_IF>.
The following registers are absorbed into counter <pc_current>: 1 register on signal <pc_current>.
Unit <ROM_IF> synthesized (advanced).

=========================================================================
Advanced HDL Synthesis Report

Macro Statistics
# Counters                                             : 1
 6-bit up counter                                      : 1
# Registers                                            : 12
 Flip-Flops                                            : 12

=========================================================================

=========================================================================
*                         Low Level Synthesis                           *
=========================================================================

Optimizing unit <ROM_IF> ...

Mapping all equations...
Building and optimizing final netlist ...
Found area constraint ratio of 100 (+ 5) on block ROM_IF, actual ratio is 0.
FlipFlop ir_11 has been replicated 1 time(s) to handle iob=true attribute.
FlipFlop ir_10 has been replicated 1 time(s) to handle iob=true attribute.
FlipFlop ir_9 has been replicated 1 time(s) to handle iob=true attribute.
FlipFlop ir_8 has been replicated 1 time(s) to handle iob=true attribute.
FlipFlop ir_5 has been replicated 1 time(s) to handle iob=true attribute.
FlipFlop ir_4 has been replicated 1 time(s) to handle iob=true attribute.
FlipFlop ir_3 has been replicated 1 time(s) to handle iob=true attribute.
FlipFlop ir_2 has been replicated 1 time(s) to handle iob=true attribute.
FlipFlop ir_1 has been replicated 1 time(s) to handle iob=true attribute.
FlipFlop ir_0 has been replicated 1 time(s) to handle iob=true attribute.

Final Macro Processing ...

=========================================================================
Final Register Report

Macro Statistics
# Registers                                            : 28
 Flip-Flops                                            : 28

=========================================================================

=========================================================================
*                           Partition Report                            *
=========================================================================

Partition Implementation Status
-------------------------------

  No Partitions were found in this design.

-------------------------------

=========================================================================
*                            Design Summary                             *
=========================================================================

Top Level Output File Name         : ROM_IF.ngc

Primitive and Black Box Usage:
------------------------------
# BELS                             : 9
#      LUT2                        : 1
#      LUT3                        : 2
#      LUT4                        : 1
#      LUT5                        : 1
#      LUT6                        : 4
# FlipFlops/Latches                : 28
#      FDCE                        : 6
#      FDPE                        : 22
# Clock Buffers                    : 1
#      BUFGP                       : 1
# IO Buffers                       : 35
#      IBUF                        : 17
#      OBUF                        : 18

Device utilization summary:
---------------------------

Selected Device : 7a100tcsg324-2 


Slice Logic Utilization: 
 Number of Slice Registers:              16  out of  126800     0%  
 Number of Slice LUTs:                    9  out of  63400     0%  
    Number used as Logic:                 9  out of  63400     0%  

Slice Logic Distribution: 
 Number of LUT Flip Flop pairs used:     19
   Number with an unused Flip Flop:       3  out of     19    15%  
   Number with an unused LUT:            10  out of     19    52%  
   Number of fully used LUT-FF pairs:     6  out of     19    31%  
   Number of unique control sets:         2

IO Utilization: 
 Number of IOs:                          36
 Number of bonded IOBs:                  36  out of    210    17%  
    IOB Flip Flops/Latches:              12

Specific Feature Utilization:
 Number of BUFG/BUFGCTRLs:                1  out of     32     3%  

---------------------------
Partition Resource Summary:
---------------------------

  No Partitions were found in this design.

---------------------------


=========================================================================
Timing Report

NOTE: THESE TIMING NUMBERS ARE ONLY A SYNTHESIS ESTIMATE.
      FOR ACCURATE TIMING INFORMATION PLEASE REFER TO THE TRACE REPORT
      GENERATED AFTER PLACE-and-ROUTE.

Clock Information:
------------------
-----------------------------------+------------------------+-------+
Clock Signal                       | Clock buffer(FF name)  | Load  |
-----------------------------------+------------------------+-------+
CLK                                | BUFGP                  | 28    |
-----------------------------------+------------------------+-------+

Asynchronous Control Signals Information:
----------------------------------------
No asynchronous control signals found in this design

Timing Summary:
---------------
Speed Grade: -2

   Minimum period: 1.696ns (Maximum Frequency: 589.536MHz)
   Minimum input arrival time before clock: 1.404ns
   Maximum output required time after clock: 0.771ns
   Maximum combinational path delay: No path found

Timing Details:
---------------
All values displayed in nanoseconds (ns)

=========================================================================
Timing constraint: Default period analysis for Clock 'CLK'
  Clock period: 1.696ns (frequency: 589.536MHz)
  Total number of paths / destination ports: 51 / 6
-------------------------------------------------------------------------
Delay:               1.696ns (Levels of Logic = 2)
  Source:            pc_current_2 (FF)
  Destination:       pc_current_5 (FF)
  Source Clock:      CLK rising
  Destination Clock: CLK rising

  Data Path: pc_current_2 to pc_current_5
                                Gate     Net
    Cell:in->out      fanout   Delay   Delay  Logical Name (Net Name)
    ----------------------------------------  ------------
     FDCE:C->Q             5   0.398   0.622  pc_current_2 (pc_current_2)
     LUT3:I0->O            1   0.105   0.451  Mcount_pc_current_xor<5>1_SW0 (N2)
     LUT6:I4->O            1   0.105   0.000  Mcount_pc_current_xor<5>1 (Mcount_pc_current5)
     FDCE:D                    0.015          pc_current_5
    ----------------------------------------
    Total                      1.696ns (0.623ns logic, 1.073ns route)
                                       (36.7% logic, 63.3% route)

=========================================================================
Timing constraint: Default OFFSET IN BEFORE for Clock 'CLK'
  Total number of paths / destination ports: 90 / 84
-------------------------------------------------------------------------
Offset:              1.404ns (Levels of Logic = 3)
  Source:            L (PAD)
  Destination:       pc_current_0 (FF)
  Destination Clock: CLK rising

  Data Path: L to pc_current_0
                                Gate     Net
    Cell:in->out      fanout   Delay   Delay  Logical Name (Net Name)
    ----------------------------------------  ------------
     IBUF:I->O             1   0.001   0.793  L_IBUF (L_IBUF)
     LUT6:I0->O            6   0.105   0.385  opcode[3]_opcode[3]_OR_6_o1 (opcode[3]_opcode[3]_OR_6_o)
     LUT3:I2->O            1   0.105   0.000  Mcount_pc_current_xor<0>11 (Mcount_pc_current)
     FDCE:D                    0.015          pc_current_0
    ----------------------------------------
    Total                      1.404ns (0.226ns logic, 1.178ns route)
                                       (16.1% logic, 83.9% route)

=========================================================================
Timing constraint: Default OFFSET OUT AFTER for Clock 'CLK'
  Total number of paths / destination ports: 18 / 18
-------------------------------------------------------------------------
Offset:              0.771ns (Levels of Logic = 1)
  Source:            pc_current_0 (FF)
  Destination:       ROM_ADR<0> (PAD)
  Source Clock:      CLK rising

  Data Path: pc_current_0 to ROM_ADR<0>
                                Gate     Net
    Cell:in->out      fanout   Delay   Delay  Logical Name (Net Name)
    ----------------------------------------  ------------
     FDCE:C->Q             7   0.398   0.373  pc_current_0 (pc_current_0)
     OBUF:I->O                 0.000          ROM_ADR_0_OBUF (ROM_ADR<0>)
    ----------------------------------------
    Total                      0.771ns (0.398ns logic, 0.373ns route)
                                       (51.6% logic, 48.4% route)

=========================================================================

Cross Clock Domains Report:
--------------------------

Clock to Setup on destination clock CLK
---------------+---------+---------+---------+---------+
               | Src:Rise| Src:Fall| Src:Rise| Src:Fall|
Source Clock   |Dest:Rise|Dest:Rise|Dest:Fall|Dest:Fall|
---------------+---------+---------+---------+---------+
CLK            |    1.696|         |         |         |
---------------+---------+---------+---------+---------+

=========================================================================


Total REAL time to Xst completion: 6.00 secs
Total CPU time to Xst completion: 5.74 secs
 
--> 

Total memory usage is 4699656 kilobytes

Number of errors   :    0 (   0 filtered)
Number of warnings :    0 (   0 filtered)
Number of infos    :    0 (   0 filtered)

